{"C:\\Users\\Nightgalem\\clawd\\temp-repo\\email.js": {"path":"C:\\Users\\Nightgalem\\clawd\\temp-repo\\email.js","statementMap":{"0":{"start":{"line":9,"column":23},"end":{"line":9,"column":49}},"1":{"start":{"line":10,"column":19},"end":{"line":10,"column":68}},"2":{"start":{"line":11,"column":22},"end":{"line":11,"column":74}},"3":{"start":{"line":17,"column":2},"end":{"line":17,"column":62}},"4":{"start":{"line":19,"column":18},"end":{"line":19,"column":70}},"5":{"start":{"line":21,"column":15},"end":{"line":89,"column":3}},"6":{"start":{"line":91,"column":15},"end":{"line":110,"column":3}},"7":{"start":{"line":112,"column":2},"end":{"line":144,"column":3}},"8":{"start":{"line":113,"column":4},"end":{"line":140,"column":5}},"9":{"start":{"line":115,"column":23},"end":{"line":128,"column":8}},"10":{"start":{"line":130,"column":6},"end":{"line":133,"column":7}},"11":{"start":{"line":131,"column":22},"end":{"line":131,"column":43}},"12":{"start":{"line":132,"column":8},"end":{"line":132,"column":54}},"13":{"start":{"line":135,"column":6},"end":{"line":135,"column":62}},"14":{"start":{"line":138,"column":6},"end":{"line":138,"column":80}},"15":{"start":{"line":139,"column":6},"end":{"line":139,"column":41}},"16":{"start":{"line":142,"column":4},"end":{"line":142,"column":76}},"17":{"start":{"line":151,"column":2},"end":{"line":151,"column":96}},"18":{"start":{"line":153,"column":18},"end":{"line":155,"column":72}},"19":{"start":{"line":157,"column":15},"end":{"line":214,"column":3}},"20":{"start":{"line":216,"column":2},"end":{"line":242,"column":3}},"21":{"start":{"line":217,"column":4},"end":{"line":239,"column":5}},"22":{"start":{"line":218,"column":23},"end":{"line":230,"column":8}},"23":{"start":{"line":232,"column":6},"end":{"line":234,"column":7}},"24":{"start":{"line":233,"column":8},"end":{"line":233,"column":70}},"25":{"start":{"line":236,"column":6},"end":{"line":236,"column":69}},"26":{"start":{"line":238,"column":6},"end":{"line":238,"column":87}},"27":{"start":{"line":241,"column":4},"end":{"line":241,"column":83}},"28":{"start":{"line":249,"column":2},"end":{"line":249,"column":67}},"29":{"start":{"line":251,"column":18},"end":{"line":251,"column":65}},"30":{"start":{"line":253,"column":15},"end":{"line":297,"column":3}},"31":{"start":{"line":299,"column":2},"end":{"line":321,"column":3}},"32":{"start":{"line":300,"column":4},"end":{"line":318,"column":5}},"33":{"start":{"line":301,"column":6},"end":{"line":313,"column":9}},"34":{"start":{"line":315,"column":6},"end":{"line":315,"column":67}},"35":{"start":{"line":317,"column":6},"end":{"line":317,"column":85}},"36":{"start":{"line":320,"column":4},"end":{"line":320,"column":81}},"37":{"start":{"line":324,"column":0},"end":{"line":328,"column":2}}},"fnMap":{"0":{"name":"sendWelcomeEmail","decl":{"start":{"line":16,"column":15},"end":{"line":16,"column":31}},"loc":{"start":{"line":16,"column":52},"end":{"line":145,"column":1}},"line":16},"1":{"name":"sendPaymentFailedEmail","decl":{"start":{"line":150,"column":15},"end":{"line":150,"column":37}},"loc":{"start":{"line":150,"column":60},"end":{"line":243,"column":1}},"line":150},"2":{"name":"sendCancellationEmail","decl":{"start":{"line":248,"column":15},"end":{"line":248,"column":36}},"loc":{"start":{"line":248,"column":44},"end":{"line":322,"column":1}},"line":248}},"branchMap":{"0":{"loc":{"start":{"line":10,"column":19},"end":{"line":10,"column":68}},"type":"binary-expr","locations":[{"start":{"line":10,"column":19},"end":{"line":10,"column":41}},{"start":{"line":10,"column":45},"end":{"line":10,"column":68}}],"line":10},"1":{"loc":{"start":{"line":11,"column":22},"end":{"line":11,"column":74}},"type":"binary-expr","locations":[{"start":{"line":11,"column":22},"end":{"line":11,"column":47}},{"start":{"line":11,"column":51},"end":{"line":11,"column":74}}],"line":11},"2":{"loc":{"start":{"line":113,"column":4},"end":{"line":140,"column":5}},"type":"if","locations":[{"start":{"line":113,"column":4},"end":{"line":140,"column":5}},{"start":{"line":136,"column":11},"end":{"line":140,"column":5}}],"line":113},"3":{"loc":{"start":{"line":130,"column":6},"end":{"line":133,"column":7}},"type":"if","locations":[{"start":{"line":130,"column":6},"end":{"line":133,"column":7}},{"start":{},"end":{}}],"line":130},"4":{"loc":{"start":{"line":153,"column":18},"end":{"line":155,"column":72}},"type":"cond-expr","locations":[{"start":{"line":154,"column":6},"end":{"line":154,"column":56}},{"start":{"line":155,"column":6},"end":{"line":155,"column":72}}],"line":153},"5":{"loc":{"start":{"line":184,"column":8},"end":{"line":192,"column":7}},"type":"cond-expr","locations":[{"start":{"line":184,"column":29},"end":{"line":188,"column":7}},{"start":{"line":188,"column":10},"end":{"line":192,"column":7}}],"line":184},"6":{"loc":{"start":{"line":217,"column":4},"end":{"line":239,"column":5}},"type":"if","locations":[{"start":{"line":217,"column":4},"end":{"line":239,"column":5}},{"start":{"line":237,"column":11},"end":{"line":239,"column":5}}],"line":217},"7":{"loc":{"start":{"line":232,"column":6},"end":{"line":234,"column":7}},"type":"if","locations":[{"start":{"line":232,"column":6},"end":{"line":234,"column":7}},{"start":{},"end":{}}],"line":232},"8":{"loc":{"start":{"line":300,"column":4},"end":{"line":318,"column":5}},"type":"if","locations":[{"start":{"line":300,"column":4},"end":{"line":318,"column":5}},{"start":{"line":316,"column":11},"end":{"line":318,"column":5}}],"line":300}},"s":{"0":1,"1":1,"2":1,"3":8,"4":8,"5":8,"6":8,"7":8,"8":8,"9":8,"10":7,"11":1,"12":1,"13":6,"14":0,"15":0,"16":2,"17":6,"18":6,"19":6,"20":6,"21":6,"22":6,"23":6,"24":0,"25":6,"26":0,"27":0,"28":3,"29":3,"30":3,"31":3,"32":3,"33":3,"34":3,"35":0,"36":0,"37":1},"f":{"0":8,"1":6,"2":3},"b":{"0":[1,1],"1":[1,1],"2":[8,0],"3":[1,6],"4":[2,4],"5":[2,4],"6":[6,0],"7":[0,6],"8":[3,0]},"_coverageSchema":"1a1c01bbd47fc00a2c39e90264f33305004495a9","hash":"41670c4b8c68f133c9c8cd43a06f0aa91a207f8a"}
,"C:\\Users\\Nightgalem\\clawd\\temp-repo\\index.js": {"path":"C:\\Users\\Nightgalem\\clawd\\temp-repo\\index.js","statementMap":{"0":{"start":{"line":1,"column":16},"end":{"line":1,"column":34}},"1":{"start":{"line":2,"column":13},"end":{"line":2,"column":28}},"2":{"start":{"line":3,"column":17},"end":{"line":3,"column":30}},"3":{"start":{"line":6,"column":26},"end":{"line":10,"column":1}},"4":{"start":{"line":12,"column":26},"end":{"line":24,"column":1}},"5":{"start":{"line":26,"column":24},"end":{"line":26,"column":70}},"6":{"start":{"line":26,"column":54},"end":{"line":26,"column":69}},"7":{"start":{"line":27,"column":0},"end":{"line":31,"column":1}},"8":{"start":{"line":28,"column":2},"end":{"line":28,"column":89}},"9":{"start":{"line":29,"column":2},"end":{"line":29,"column":74}},"10":{"start":{"line":30,"column":2},"end":{"line":30,"column":18}},"11":{"start":{"line":33,"column":24},"end":{"line":33,"column":70}},"12":{"start":{"line":33,"column":54},"end":{"line":33,"column":69}},"13":{"start":{"line":34,"column":0},"end":{"line":37,"column":1}},"14":{"start":{"line":35,"column":2},"end":{"line":35,"column":89}},"15":{"start":{"line":36,"column":2},"end":{"line":36,"column":60}},"16":{"start":{"line":39,"column":15},"end":{"line":39,"column":63}},"17":{"start":{"line":40,"column":12},"end":{"line":40,"column":21}},"18":{"start":{"line":41,"column":13},"end":{"line":41,"column":37}},"19":{"start":{"line":44,"column":0},"end":{"line":53,"column":4}},"20":{"start":{"line":56,"column":13},"end":{"line":59,"column":2}},"21":{"start":{"line":62,"column":0},"end":{"line":111,"column":3}},"22":{"start":{"line":63,"column":14},"end":{"line":63,"column":45}},"23":{"start":{"line":64,"column":24},"end":{"line":64,"column":57}},"24":{"start":{"line":68,"column":2},"end":{"line":73,"column":3}},"25":{"start":{"line":69,"column":4},"end":{"line":69,"column":73}},"26":{"start":{"line":71,"column":4},"end":{"line":71,"column":76}},"27":{"start":{"line":72,"column":4},"end":{"line":72,"column":65}},"28":{"start":{"line":75,"column":2},"end":{"line":75,"column":54}},"29":{"start":{"line":78,"column":2},"end":{"line":108,"column":3}},"30":{"start":{"line":79,"column":4},"end":{"line":104,"column":5}},"31":{"start":{"line":81,"column":8},"end":{"line":81,"column":57}},"32":{"start":{"line":82,"column":8},"end":{"line":82,"column":14}},"33":{"start":{"line":86,"column":8},"end":{"line":86,"column":58}},"34":{"start":{"line":87,"column":8},"end":{"line":87,"column":14}},"35":{"start":{"line":90,"column":8},"end":{"line":90,"column":61}},"36":{"start":{"line":91,"column":8},"end":{"line":91,"column":14}},"37":{"start":{"line":94,"column":8},"end":{"line":94,"column":67}},"38":{"start":{"line":95,"column":8},"end":{"line":95,"column":14}},"39":{"start":{"line":98,"column":8},"end":{"line":98,"column":63}},"40":{"start":{"line":99,"column":8},"end":{"line":99,"column":53}},"41":{"start":{"line":100,"column":8},"end":{"line":100,"column":14}},"42":{"start":{"line":103,"column":8},"end":{"line":103,"column":59}},"43":{"start":{"line":106,"column":4},"end":{"line":106,"column":54}},"44":{"start":{"line":107,"column":4},"end":{"line":107,"column":64}},"45":{"start":{"line":110,"column":2},"end":{"line":110,"column":31}},"46":{"start":{"line":114,"column":0},"end":{"line":114,"column":24}},"47":{"start":{"line":117,"column":24},"end":{"line":117,"column":50}},"48":{"start":{"line":118,"column":0},"end":{"line":118,"column":43}},"49":{"start":{"line":121,"column":23},"end":{"line":121,"column":48}},"50":{"start":{"line":122,"column":0},"end":{"line":122,"column":41}},"51":{"start":{"line":125,"column":19},"end":{"line":125,"column":40}},"52":{"start":{"line":126,"column":0},"end":{"line":126,"column":33}},"53":{"start":{"line":129,"column":0},"end":{"line":136,"column":3}},"54":{"start":{"line":130,"column":2},"end":{"line":135,"column":5}},"55":{"start":{"line":139,"column":0},"end":{"line":146,"column":3}},"56":{"start":{"line":140,"column":2},"end":{"line":145,"column":3}},"57":{"start":{"line":141,"column":19},"end":{"line":141,"column":51}},"58":{"start":{"line":142,"column":4},"end":{"line":142,"column":80}},"59":{"start":{"line":144,"column":4},"end":{"line":144,"column":94}},"60":{"start":{"line":149,"column":0},"end":{"line":191,"column":3}},"61":{"start":{"line":150,"column":20},"end":{"line":150,"column":37}},"62":{"start":{"line":152,"column":2},"end":{"line":154,"column":3}},"63":{"start":{"line":153,"column":4},"end":{"line":153,"column":73}},"64":{"start":{"line":156,"column":2},"end":{"line":190,"column":3}},"65":{"start":{"line":158,"column":20},"end":{"line":158,"column":70}},"66":{"start":{"line":159,"column":23},"end":{"line":159,"column":39}},"67":{"start":{"line":162,"column":19},"end":{"line":166,"column":20}},"68":{"start":{"line":168,"column":4},"end":{"line":170,"column":5}},"69":{"start":{"line":169,"column":6},"end":{"line":169,"column":104}},"70":{"start":{"line":172,"column":21},"end":{"line":172,"column":35}},"71":{"start":{"line":174,"column":4},"end":{"line":186,"column":5}},"72":{"start":{"line":175,"column":6},"end":{"line":183,"column":9}},"73":{"start":{"line":185,"column":6},"end":{"line":185,"column":91}},"74":{"start":{"line":188,"column":4},"end":{"line":188,"column":48}},"75":{"start":{"line":189,"column":4},"end":{"line":189,"column":68}},"76":{"start":{"line":198,"column":2},"end":{"line":198,"column":65}},"77":{"start":{"line":200,"column":21},"end":{"line":200,"column":37}},"78":{"start":{"line":201,"column":24},"end":{"line":201,"column":54}},"79":{"start":{"line":202,"column":25},"end":{"line":202,"column":45}},"80":{"start":{"line":205,"column":27},"end":{"line":208,"column":3}},"81":{"start":{"line":210,"column":2},"end":{"line":213,"column":3}},"82":{"start":{"line":211,"column":4},"end":{"line":211,"column":93}},"83":{"start":{"line":212,"column":4},"end":{"line":212,"column":11}},"84":{"start":{"line":216,"column":23},"end":{"line":216,"column":74}},"85":{"start":{"line":217,"column":15},"end":{"line":217,"column":50}},"86":{"start":{"line":220,"column":2},"end":{"line":226,"column":78}},"87":{"start":{"line":228,"column":2},"end":{"line":228,"column":63}},"88":{"start":{"line":231,"column":22},"end":{"line":231,"column":78}},"89":{"start":{"line":234,"column":2},"end":{"line":234,"column":53}},"90":{"start":{"line":238,"column":2},"end":{"line":238,"column":59}},"91":{"start":{"line":240,"column":21},"end":{"line":240,"column":42}},"92":{"start":{"line":241,"column":15},"end":{"line":241,"column":50}},"93":{"start":{"line":242,"column":17},"end":{"line":242,"column":36}},"94":{"start":{"line":244,"column":2},"end":{"line":248,"column":33}},"95":{"start":{"line":250,"column":2},"end":{"line":250,"column":54}},"96":{"start":{"line":254,"column":2},"end":{"line":254,"column":60}},"97":{"start":{"line":256,"column":21},"end":{"line":256,"column":42}},"98":{"start":{"line":258,"column":2},"end":{"line":262,"column":32}},"99":{"start":{"line":265,"column":2},"end":{"line":265,"column":60}},"100":{"start":{"line":269,"column":2},"end":{"line":269,"column":67}},"101":{"start":{"line":271,"column":37},"end":{"line":271,"column":55}},"102":{"start":{"line":274,"column":17},"end":{"line":277,"column":3}},"103":{"start":{"line":279,"column":2},"end":{"line":293,"column":3}},"104":{"start":{"line":280,"column":18},"end":{"line":280,"column":38}},"105":{"start":{"line":281,"column":26},"end":{"line":281,"column":52}},"106":{"start":{"line":283,"column":4},"end":{"line":283,"column":55}},"107":{"start":{"line":286,"column":4},"end":{"line":292,"column":5}},"108":{"start":{"line":287,"column":6},"end":{"line":290,"column":8}},"109":{"start":{"line":291,"column":6},"end":{"line":291,"column":85}},"110":{"start":{"line":302,"column":43},"end":{"line":302,"column":79}},"111":{"start":{"line":304,"column":2},"end":{"line":338,"column":3}},"112":{"start":{"line":305,"column":24},"end":{"line":305,"column":64}},"113":{"start":{"line":308,"column":4},"end":{"line":323,"column":7}},"114":{"start":{"line":325,"column":4},"end":{"line":325,"column":69}},"115":{"start":{"line":326,"column":4},"end":{"line":326,"column":23}},"116":{"start":{"line":328,"column":4},"end":{"line":328,"column":51}},"117":{"start":{"line":331,"column":4},"end":{"line":335,"column":21}},"118":{"start":{"line":337,"column":4},"end":{"line":337,"column":16}},"119":{"start":{"line":342,"column":42},"end":{"line":342,"column":60}},"120":{"start":{"line":344,"column":2},"end":{"line":350,"column":3}},"121":{"start":{"line":345,"column":4},"end":{"line":345,"column":40}},"122":{"start":{"line":346,"column":4},"end":{"line":346,"column":51}},"123":{"start":{"line":348,"column":4},"end":{"line":348,"column":60}},"124":{"start":{"line":358,"column":2},"end":{"line":556,"column":3}},"125":{"start":{"line":360,"column":4},"end":{"line":377,"column":7}},"126":{"start":{"line":380,"column":4},"end":{"line":387,"column":7}},"127":{"start":{"line":390,"column":4},"end":{"line":401,"column":7}},"128":{"start":{"line":404,"column":4},"end":{"line":413,"column":7}},"129":{"start":{"line":416,"column":4},"end":{"line":427,"column":7}},"130":{"start":{"line":430,"column":4},"end":{"line":443,"column":7}},"131":{"start":{"line":445,"column":4},"end":{"line":448,"column":7}},"132":{"start":{"line":455,"column":4},"end":{"line":465,"column":7}},"133":{"start":{"line":468,"column":4},"end":{"line":478,"column":7}},"134":{"start":{"line":481,"column":4},"end":{"line":491,"column":7}},"135":{"start":{"line":494,"column":4},"end":{"line":504,"column":7}},"136":{"start":{"line":507,"column":4},"end":{"line":515,"column":7}},"137":{"start":{"line":518,"column":4},"end":{"line":520,"column":7}},"138":{"start":{"line":522,"column":4},"end":{"line":525,"column":7}},"139":{"start":{"line":527,"column":4},"end":{"line":530,"column":7}},"140":{"start":{"line":533,"column":4},"end":{"line":536,"column":7}},"141":{"start":{"line":538,"column":4},"end":{"line":541,"column":7}},"142":{"start":{"line":543,"column":4},"end":{"line":546,"column":7}},"143":{"start":{"line":548,"column":4},"end":{"line":551,"column":7}},"144":{"start":{"line":553,"column":4},"end":{"line":553,"column":49}},"145":{"start":{"line":555,"column":4},"end":{"line":555,"column":62}},"146":{"start":{"line":563,"column":0},"end":{"line":567,"column":3}},"147":{"start":{"line":564,"column":2},"end":{"line":564,"column":66}},"148":{"start":{"line":565,"column":2},"end":{"line":565,"column":23}},"149":{"start":{"line":566,"column":2},"end":{"line":566,"column":44}}},"fnMap":{"0":{"name":"(anonymous_0)","decl":{"start":{"line":26,"column":49},"end":{"line":26,"column":50}},"loc":{"start":{"line":26,"column":54},"end":{"line":26,"column":69}},"line":26},"1":{"name":"(anonymous_1)","decl":{"start":{"line":33,"column":49},"end":{"line":33,"column":50}},"loc":{"start":{"line":33,"column":54},"end":{"line":33,"column":69}},"line":33},"2":{"name":"(anonymous_2)","decl":{"start":{"line":62,"column":71},"end":{"line":62,"column":72}},"loc":{"start":{"line":62,"column":91},"end":{"line":111,"column":1}},"line":62},"3":{"name":"(anonymous_3)","decl":{"start":{"line":129,"column":13},"end":{"line":129,"column":14}},"loc":{"start":{"line":129,"column":27},"end":{"line":136,"column":1}},"line":129},"4":{"name":"(anonymous_4)","decl":{"start":{"line":139,"column":22},"end":{"line":139,"column":23}},"loc":{"start":{"line":139,"column":42},"end":{"line":146,"column":1}},"line":139},"5":{"name":"(anonymous_5)","decl":{"start":{"line":149,"column":23},"end":{"line":149,"column":24}},"loc":{"start":{"line":149,"column":43},"end":{"line":191,"column":1}},"line":149},"6":{"name":"handleCheckoutCompleted","decl":{"start":{"line":197,"column":15},"end":{"line":197,"column":38}},"loc":{"start":{"line":197,"column":48},"end":{"line":235,"column":1}},"line":197},"7":{"name":"handleSubscriptionChange","decl":{"start":{"line":237,"column":15},"end":{"line":237,"column":39}},"loc":{"start":{"line":237,"column":54},"end":{"line":251,"column":1}},"line":237},"8":{"name":"handleSubscriptionCancelled","decl":{"start":{"line":253,"column":15},"end":{"line":253,"column":42}},"loc":{"start":{"line":253,"column":57},"end":{"line":266,"column":1}},"line":253},"9":{"name":"handlePaymentFailed","decl":{"start":{"line":268,"column":15},"end":{"line":268,"column":34}},"loc":{"start":{"line":268,"column":44},"end":{"line":294,"column":1}},"line":268},"10":{"name":"provisionCustomer","decl":{"start":{"line":300,"column":15},"end":{"line":300,"column":32}},"loc":{"start":{"line":300,"column":58},"end":{"line":339,"column":1}},"line":300},"11":{"name":"sendWelcomeEmail","decl":{"start":{"line":341,"column":15},"end":{"line":341,"column":31}},"loc":{"start":{"line":341,"column":52},"end":{"line":351,"column":1}},"line":341},"12":{"name":"initDatabase","decl":{"start":{"line":357,"column":15},"end":{"line":357,"column":27}},"loc":{"start":{"line":357,"column":30},"end":{"line":557,"column":1}},"line":357},"13":{"name":"(anonymous_13)","decl":{"start":{"line":563,"column":17},"end":{"line":563,"column":18}},"loc":{"start":{"line":563,"column":29},"end":{"line":567,"column":1}},"line":563}},"branchMap":{"0":{"loc":{"start":{"line":27,"column":0},"end":{"line":31,"column":1}},"type":"if","locations":[{"start":{"line":27,"column":0},"end":{"line":31,"column":1}},{"start":{},"end":{}}],"line":27},"1":{"loc":{"start":{"line":34,"column":0},"end":{"line":37,"column":1}},"type":"if","locations":[{"start":{"line":34,"column":0},"end":{"line":37,"column":1}},{"start":{},"end":{}}],"line":34},"2":{"loc":{"start":{"line":41,"column":13},"end":{"line":41,"column":37}},"type":"binary-expr","locations":[{"start":{"line":41,"column":13},"end":{"line":41,"column":29}},{"start":{"line":41,"column":33},"end":{"line":41,"column":37}}],"line":41},"3":{"loc":{"start":{"line":79,"column":4},"end":{"line":104,"column":5}},"type":"switch","locations":[{"start":{"line":80,"column":6},"end":{"line":82,"column":14}},{"start":{"line":84,"column":6},"end":{"line":84,"column":43}},{"start":{"line":85,"column":6},"end":{"line":87,"column":14}},{"start":{"line":89,"column":6},"end":{"line":91,"column":14}},{"start":{"line":93,"column":6},"end":{"line":95,"column":14}},{"start":{"line":97,"column":6},"end":{"line":100,"column":14}},{"start":{"line":102,"column":6},"end":{"line":103,"column":59}}],"line":79},"4":{"loc":{"start":{"line":152,"column":2},"end":{"line":154,"column":3}},"type":"if","locations":[{"start":{"line":152,"column":2},"end":{"line":154,"column":3}},{"start":{},"end":{}}],"line":152},"5":{"loc":{"start":{"line":168,"column":4},"end":{"line":170,"column":5}},"type":"if","locations":[{"start":{"line":168,"column":4},"end":{"line":170,"column":5}},{"start":{},"end":{}}],"line":168},"6":{"loc":{"start":{"line":174,"column":4},"end":{"line":186,"column":5}},"type":"if","locations":[{"start":{"line":174,"column":4},"end":{"line":186,"column":5}},{"start":{"line":184,"column":11},"end":{"line":186,"column":5}}],"line":174},"7":{"loc":{"start":{"line":174,"column":8},"end":{"line":174,"column":52}},"type":"binary-expr","locations":[{"start":{"line":174,"column":8},"end":{"line":174,"column":29}},{"start":{"line":174,"column":33},"end":{"line":174,"column":52}}],"line":174},"8":{"loc":{"start":{"line":210,"column":2},"end":{"line":213,"column":3}},"type":"if","locations":[{"start":{"line":210,"column":2},"end":{"line":213,"column":3}},{"start":{},"end":{}}],"line":210},"9":{"loc":{"start":{"line":210,"column":6},"end":{"line":210,"column":81}},"type":"binary-expr","locations":[{"start":{"line":210,"column":6},"end":{"line":210,"column":38}},{"start":{"line":210,"column":42},"end":{"line":210,"column":81}}],"line":210},"10":{"loc":{"start":{"line":279,"column":2},"end":{"line":293,"column":3}},"type":"if","locations":[{"start":{"line":279,"column":2},"end":{"line":293,"column":3}},{"start":{},"end":{}}],"line":279},"11":{"loc":{"start":{"line":281,"column":26},"end":{"line":281,"column":52}},"type":"binary-expr","locations":[{"start":{"line":281,"column":26},"end":{"line":281,"column":47}},{"start":{"line":281,"column":51},"end":{"line":281,"column":52}}],"line":281},"12":{"loc":{"start":{"line":286,"column":4},"end":{"line":292,"column":5}},"type":"if","locations":[{"start":{"line":286,"column":4},"end":{"line":292,"column":5}},{"start":{},"end":{}}],"line":286}},"s":{"0":0,"1":0,"2":0,"3":0,"4":0,"5":0,"6":0,"7":0,"8":0,"9":0,"10":0,"11":0,"12":0,"13":0,"14":0,"15":0,"16":0,"17":0,"18":0,"19":0,"20":0,"21":0,"22":0,"23":0,"24":0,"25":0,"26":0,"27":0,"28":0,"29":0,"30":0,"31":0,"32":0,"33":0,"34":0,"35":0,"36":0,"37":0,"38":0,"39":0,"40":0,"41":0,"42":0,"43":0,"44":0,"45":0,"46":0,"47":0,"48":0,"49":0,"50":0,"51":0,"52":0,"53":0,"54":0,"55":0,"56":0,"57":0,"58":0,"59":0,"60":0,"61":0,"62":0,"63":0,"64":0,"65":0,"66":0,"67":0,"68":0,"69":0,"70":0,"71":0,"72":0,"73":0,"74":0,"75":0,"76":0,"77":0,"78":0,"79":0,"80":0,"81":0,"82":0,"83":0,"84":0,"85":0,"86":0,"87":0,"88":0,"89":0,"90":0,"91":0,"92":0,"93":0,"94":0,"95":0,"96":0,"97":0,"98":0,"99":0,"100":0,"101":0,"102":0,"103":0,"104":0,"105":0,"106":0,"107":0,"108":0,"109":0,"110":0,"111":0,"112":0,"113":0,"114":0,"115":0,"116":0,"117":0,"118":0,"119":0,"120":0,"121":0,"122":0,"123":0,"124":0,"125":0,"126":0,"127":0,"128":0,"129":0,"130":0,"131":0,"132":0,"133":0,"134":0,"135":0,"136":0,"137":0,"138":0,"139":0,"140":0,"141":0,"142":0,"143":0,"144":0,"145":0,"146":0,"147":0,"148":0,"149":0},"f":{"0":0,"1":0,"2":0,"3":0,"4":0,"5":0,"6":0,"7":0,"8":0,"9":0,"10":0,"11":0,"12":0,"13":0},"b":{"0":[0,0],"1":[0,0],"2":[0,0],"3":[0,0,0,0,0,0,0],"4":[0,0],"5":[0,0],"6":[0,0],"7":[0,0],"8":[0,0],"9":[0,0],"10":[0,0],"11":[0,0],"12":[0,0]}}
,"C:\\Users\\Nightgalem\\clawd\\temp-repo\\plans.js": {"path":"C:\\Users\\Nightgalem\\clawd\\temp-repo\\plans.js","statementMap":{"0":{"start":{"line":9,"column":14},"end":{"line":45,"column":1}},"1":{"start":{"line":48,"column":24},"end":{"line":48,"column":56}},"2":{"start":{"line":56,"column":2},"end":{"line":56,"column":50}},"3":{"start":{"line":65,"column":15},"end":{"line":65,"column":66}},"4":{"start":{"line":65,"column":46},"end":{"line":65,"column":65}},"5":{"start":{"line":66,"column":2},"end":{"line":72,"column":4}},"6":{"start":{"line":82,"column":15},"end":{"line":82,"column":66}},"7":{"start":{"line":82,"column":46},"end":{"line":82,"column":65}},"8":{"start":{"line":83,"column":2},"end":{"line":83,"column":26}},"9":{"start":{"line":83,"column":13},"end":{"line":83,"column":26}},"10":{"start":{"line":84,"column":2},"end":{"line":84,"column":74}},"11":{"start":{"line":92,"column":2},"end":{"line":92,"column":28}},"12":{"start":{"line":101,"column":2},"end":{"line":101,"column":26}},"13":{"start":{"line":104,"column":0},"end":{"line":112,"column":2}}},"fnMap":{"0":{"name":"getPlan","decl":{"start":{"line":55,"column":9},"end":{"line":55,"column":16}},"loc":{"start":{"line":55,"column":26},"end":{"line":57,"column":1}},"line":55},"1":{"name":"getPlanLimits","decl":{"start":{"line":64,"column":9},"end":{"line":64,"column":22}},"loc":{"start":{"line":64,"column":33},"end":{"line":73,"column":1}},"line":64},"2":{"name":"(anonymous_2)","decl":{"start":{"line":65,"column":41},"end":{"line":65,"column":42}},"loc":{"start":{"line":65,"column":46},"end":{"line":65,"column":65}},"line":65},"3":{"name":"hasFeature","decl":{"start":{"line":81,"column":9},"end":{"line":81,"column":19}},"loc":{"start":{"line":81,"column":39},"end":{"line":85,"column":1}},"line":81},"4":{"name":"(anonymous_4)","decl":{"start":{"line":82,"column":41},"end":{"line":82,"column":42}},"loc":{"start":{"line":82,"column":46},"end":{"line":82,"column":65}},"line":82},"5":{"name":"getAllPriceIds","decl":{"start":{"line":91,"column":9},"end":{"line":91,"column":23}},"loc":{"start":{"line":91,"column":26},"end":{"line":93,"column":1}},"line":91},"6":{"name":"isValidPriceId","decl":{"start":{"line":100,"column":9},"end":{"line":100,"column":23}},"loc":{"start":{"line":100,"column":33},"end":{"line":102,"column":1}},"line":100}},"branchMap":{"0":{"loc":{"start":{"line":56,"column":9},"end":{"line":56,"column":49}},"type":"binary-expr","locations":[{"start":{"line":56,"column":9},"end":{"line":56,"column":23}},{"start":{"line":56,"column":27},"end":{"line":56,"column":49}}],"line":56},"1":{"loc":{"start":{"line":66,"column":9},"end":{"line":72,"column":3}},"type":"cond-expr","locations":[{"start":{"line":66,"column":16},"end":{"line":69,"column":3}},{"start":{"line":69,"column":6},"end":{"line":72,"column":3}}],"line":66},"2":{"loc":{"start":{"line":83,"column":2},"end":{"line":83,"column":26}},"type":"if","locations":[{"start":{"line":83,"column":2},"end":{"line":83,"column":26}},{"start":{},"end":{}}],"line":83},"3":{"loc":{"start":{"line":84,"column":9},"end":{"line":84,"column":73}},"type":"binary-expr","locations":[{"start":{"line":84,"column":9},"end":{"line":84,"column":38}},{"start":{"line":84,"column":42},"end":{"line":84,"column":73}}],"line":84}},"s":{"0":1,"1":1,"2":7,"3":8,"4":18,"5":8,"6":16,"7":37,"8":16,"9":2,"10":14,"11":6,"12":9,"13":1},"f":{"0":7,"1":8,"2":18,"3":16,"4":37,"5":6,"6":9},"b":{"0":[7,3],"1":[6,2],"2":[2,14],"3":[14,7]},"_coverageSchema":"1a1c01bbd47fc00a2c39e90264f33305004495a9","hash":"d14fa54a63c4ae0092e6f259340386dd62ed4fc5"}
,"C:\\Users\\Nightgalem\\clawd\\temp-repo\\setup-stripe-products.js": {"path":"C:\\Users\\Nightgalem\\clawd\\temp-repo\\setup-stripe-products.js","statementMap":{"0":{"start":{"line":8,"column":15},"end":{"line":8,"column":63}},"1":{"start":{"line":11,"column":2},"end":{"line":11,"column":52}},"2":{"start":{"line":14,"column":18},"end":{"line":22,"column":4}},"3":{"start":{"line":23,"column":2},"end":{"line":23,"column":44}},"4":{"start":{"line":25,"column":14},"end":{"line":33,"column":4}},"5":{"start":{"line":34,"column":2},"end":{"line":34,"column":40}},"6":{"start":{"line":36,"column":15},"end":{"line":44,"column":4}},"7":{"start":{"line":45,"column":2},"end":{"line":45,"column":43}},"8":{"start":{"line":48,"column":23},"end":{"line":56,"column":4}},"9":{"start":{"line":57,"column":2},"end":{"line":57,"column":75}},"10":{"start":{"line":59,"column":19},"end":{"line":67,"column":4}},"11":{"start":{"line":68,"column":2},"end":{"line":68,"column":67}},"12":{"start":{"line":70,"column":20},"end":{"line":78,"column":4}},"13":{"start":{"line":79,"column":2},"end":{"line":79,"column":72}},"14":{"start":{"line":82,"column":2},"end":{"line":82,"column":75}},"15":{"start":{"line":83,"column":2},"end":{"line":83,"column":45}},"16":{"start":{"line":84,"column":2},"end":{"line":84,"column":41}},"17":{"start":{"line":85,"column":2},"end":{"line":85,"column":44}},"18":{"start":{"line":87,"column":2},"end":{"line":87,"column":69}},"19":{"start":{"line":90,"column":0},"end":{"line":93,"column":3}},"20":{"start":{"line":91,"column":2},"end":{"line":91,"column":43}},"21":{"start":{"line":92,"column":2},"end":{"line":92,"column":18}}},"fnMap":{"0":{"name":"setupProducts","decl":{"start":{"line":10,"column":15},"end":{"line":10,"column":28}},"loc":{"start":{"line":10,"column":31},"end":{"line":88,"column":1}},"line":10},"1":{"name":"(anonymous_1)","decl":{"start":{"line":90,"column":22},"end":{"line":90,"column":23}},"loc":{"start":{"line":90,"column":31},"end":{"line":93,"column":1}},"line":90}},"branchMap":{},"s":{"0":0,"1":0,"2":0,"3":0,"4":0,"5":0,"6":0,"7":0,"8":0,"9":0,"10":0,"11":0,"12":0,"13":0,"14":0,"15":0,"16":0,"17":0,"18":0,"19":0,"20":0,"21":0},"f":{"0":0,"1":0},"b":{}}
,"C:\\Users\\Nightgalem\\clawd\\temp-repo\\test-provisioning.js": {"path":"C:\\Users\\Nightgalem\\clawd\\temp-repo\\test-provisioning.js","statementMap":{"0":{"start":{"line":6,"column":0},"end":{"line":6,"column":27}},"1":{"start":{"line":7,"column":51},"end":{"line":7,"column":87}},"2":{"start":{"line":9,"column":22},"end":{"line":13,"column":1}},"3":{"start":{"line":16,"column":2},"end":{"line":16,"column":57}},"4":{"start":{"line":17,"column":2},"end":{"line":17,"column":30}},"5":{"start":{"line":18,"column":2},"end":{"line":18,"column":50}},"6":{"start":{"line":19,"column":2},"end":{"line":19,"column":53}},"7":{"start":{"line":20,"column":2},"end":{"line":20,"column":30}},"8":{"start":{"line":21,"column":2},"end":{"line":21,"column":18}},"9":{"start":{"line":23,"column":20},"end":{"line":23,"column":24}},"10":{"start":{"line":24,"column":16},"end":{"line":24,"column":21}},"11":{"start":{"line":26,"column":2},"end":{"line":123,"column":3}},"12":{"start":{"line":28,"column":4},"end":{"line":28,"column":48}},"13":{"start":{"line":29,"column":22},"end":{"line":29,"column":32}},"14":{"start":{"line":31,"column":4},"end":{"line":35,"column":6}},"15":{"start":{"line":37,"column":20},"end":{"line":37,"column":64}},"16":{"start":{"line":38,"column":4},"end":{"line":38,"column":61}},"17":{"start":{"line":41,"column":4},"end":{"line":41,"column":46}},"18":{"start":{"line":42,"column":4},"end":{"line":42,"column":32}},"19":{"start":{"line":43,"column":4},"end":{"line":43,"column":60}},"20":{"start":{"line":44,"column":4},"end":{"line":44,"column":58}},"21":{"start":{"line":45,"column":4},"end":{"line":45,"column":56}},"22":{"start":{"line":46,"column":4},"end":{"line":46,"column":70}},"23":{"start":{"line":47,"column":4},"end":{"line":47,"column":32}},"24":{"start":{"line":50,"column":4},"end":{"line":50,"column":51}},"25":{"start":{"line":51,"column":18},"end":{"line":51,"column":34}},"26":{"start":{"line":53,"column":4},"end":{"line":68,"column":5}},"27":{"start":{"line":54,"column":26},"end":{"line":56,"column":8}},"28":{"start":{"line":58,"column":6},"end":{"line":58,"column":43}},"29":{"start":{"line":59,"column":6},"end":{"line":59,"column":57}},"30":{"start":{"line":60,"column":6},"end":{"line":60,"column":63}},"31":{"start":{"line":61,"column":6},"end":{"line":61,"column":53}},"32":{"start":{"line":63,"column":6},"end":{"line":63,"column":21}},"33":{"start":{"line":65,"column":6},"end":{"line":65,"column":61}},"34":{"start":{"line":66,"column":6},"end":{"line":66,"column":80}},"35":{"start":{"line":67,"column":6},"end":{"line":67,"column":78}},"36":{"start":{"line":71,"column":4},"end":{"line":71,"column":44}},"37":{"start":{"line":73,"column":4},"end":{"line":95,"column":5}},"38":{"start":{"line":74,"column":27},"end":{"line":86,"column":7}},"39":{"start":{"line":88,"column":6},"end":{"line":88,"column":39}},"40":{"start":{"line":89,"column":6},"end":{"line":89,"column":82}},"41":{"start":{"line":90,"column":6},"end":{"line":90,"column":56}},"42":{"start":{"line":93,"column":6},"end":{"line":93,"column":57}},"43":{"start":{"line":94,"column":6},"end":{"line":94,"column":75}},"44":{"start":{"line":98,"column":4},"end":{"line":98,"column":39}},"45":{"start":{"line":99,"column":4},"end":{"line":99,"column":46}},"46":{"start":{"line":100,"column":4},"end":{"line":100,"column":32}},"47":{"start":{"line":101,"column":4},"end":{"line":101,"column":20}},"48":{"start":{"line":102,"column":4},"end":{"line":102,"column":31}},"49":{"start":{"line":103,"column":4},"end":{"line":103,"column":62}},"50":{"start":{"line":104,"column":4},"end":{"line":104,"column":58}},"51":{"start":{"line":105,"column":4},"end":{"line":105,"column":65}},"52":{"start":{"line":106,"column":4},"end":{"line":106,"column":49}},"53":{"start":{"line":107,"column":4},"end":{"line":107,"column":20}},"54":{"start":{"line":110,"column":4},"end":{"line":110,"column":41}},"55":{"start":{"line":111,"column":4},"end":{"line":111,"column":48}},"56":{"start":{"line":112,"column":4},"end":{"line":112,"column":34}},"57":{"start":{"line":113,"column":4},"end":{"line":113,"column":45}},"58":{"start":{"line":114,"column":4},"end":{"line":114,"column":36}},"59":{"start":{"line":115,"column":4},"end":{"line":115,"column":31}},"60":{"start":{"line":116,"column":4},"end":{"line":116,"column":22}},"61":{"start":{"line":117,"column":4},"end":{"line":117,"column":38}},"62":{"start":{"line":118,"column":4},"end":{"line":118,"column":82}},"63":{"start":{"line":119,"column":4},"end":{"line":119,"column":50}},"64":{"start":{"line":120,"column":4},"end":{"line":120,"column":50}},"65":{"start":{"line":121,"column":4},"end":{"line":121,"column":49}},"66":{"start":{"line":122,"column":4},"end":{"line":122,"column":22}},"67":{"start":{"line":126,"column":2},"end":{"line":140,"column":3}},"68":{"start":{"line":127,"column":4},"end":{"line":127,"column":32}},"69":{"start":{"line":128,"column":4},"end":{"line":128,"column":45}},"70":{"start":{"line":129,"column":4},"end":{"line":129,"column":32}},"71":{"start":{"line":130,"column":4},"end":{"line":130,"column":20}},"72":{"start":{"line":131,"column":4},"end":{"line":131,"column":69}},"73":{"start":{"line":132,"column":4},"end":{"line":132,"column":20}},"74":{"start":{"line":133,"column":4},"end":{"line":133,"column":38}},"75":{"start":{"line":134,"column":4},"end":{"line":134,"column":62}},"76":{"start":{"line":135,"column":4},"end":{"line":135,"column":59}},"77":{"start":{"line":136,"column":4},"end":{"line":136,"column":20}},"78":{"start":{"line":137,"column":4},"end":{"line":137,"column":41}},"79":{"start":{"line":138,"column":4},"end":{"line":138,"column":83}},"80":{"start":{"line":139,"column":4},"end":{"line":139,"column":20}},"81":{"start":{"line":142,"column":2},"end":{"line":142,"column":17}},"82":{"start":{"line":146,"column":2},"end":{"line":146,"column":53}},"83":{"start":{"line":151,"column":2},"end":{"line":151,"column":46}},"84":{"start":{"line":152,"column":2},"end":{"line":152,"column":44}},"85":{"start":{"line":153,"column":2},"end":{"line":153,"column":46}},"86":{"start":{"line":154,"column":2},"end":{"line":154,"column":35}},"87":{"start":{"line":155,"column":2},"end":{"line":155,"column":41}},"88":{"start":{"line":156,"column":2},"end":{"line":156,"column":48}},"89":{"start":{"line":157,"column":2},"end":{"line":157,"column":18}},"90":{"start":{"line":161,"column":0},"end":{"line":176,"column":1}},"91":{"start":{"line":162,"column":15},"end":{"line":162,"column":36}},"92":{"start":{"line":164,"column":2},"end":{"line":175,"column":3}},"93":{"start":{"line":165,"column":4},"end":{"line":165,"column":54}},"94":{"start":{"line":167,"column":4},"end":{"line":174,"column":9}},"95":{"start":{"line":169,"column":8},"end":{"line":169,"column":38}},"96":{"start":{"line":172,"column":8},"end":{"line":172,"column":50}},"97":{"start":{"line":173,"column":8},"end":{"line":173,"column":24}},"98":{"start":{"line":178,"column":0},"end":{"line":178,"column":41}}},"fnMap":{"0":{"name":"runProvisioningTest","decl":{"start":{"line":15,"column":15},"end":{"line":15,"column":34}},"loc":{"start":{"line":15,"column":37},"end":{"line":143,"column":1}},"line":15},"1":{"name":"cleanupTestInstance","decl":{"start":{"line":145,"column":15},"end":{"line":145,"column":34}},"loc":{"start":{"line":145,"column":47},"end":{"line":158,"column":1}},"line":145},"2":{"name":"(anonymous_2)","decl":{"start":{"line":168,"column":12},"end":{"line":168,"column":13}},"loc":{"start":{"line":168,"column":23},"end":{"line":170,"column":7}},"line":168},"3":{"name":"(anonymous_3)","decl":{"start":{"line":171,"column":13},"end":{"line":171,"column":14}},"loc":{"start":{"line":171,"column":22},"end":{"line":174,"column":7}},"line":171}},"branchMap":{"0":{"loc":{"start":{"line":126,"column":2},"end":{"line":140,"column":3}},"type":"if","locations":[{"start":{"line":126,"column":2},"end":{"line":140,"column":3}},{"start":{},"end":{}}],"line":126},"1":{"loc":{"start":{"line":161,"column":0},"end":{"line":176,"column":1}},"type":"if","locations":[{"start":{"line":161,"column":0},"end":{"line":176,"column":1}},{"start":{},"end":{}}],"line":161},"2":{"loc":{"start":{"line":164,"column":2},"end":{"line":175,"column":3}},"type":"if","locations":[{"start":{"line":164,"column":2},"end":{"line":175,"column":3}},{"start":{"line":166,"column":9},"end":{"line":175,"column":3}}],"line":164},"3":{"loc":{"start":{"line":164,"column":6},"end":{"line":164,"column":40}},"type":"binary-expr","locations":[{"start":{"line":164,"column":6},"end":{"line":164,"column":29}},{"start":{"line":164,"column":33},"end":{"line":164,"column":40}}],"line":164},"4":{"loc":{"start":{"line":169,"column":21},"end":{"line":169,"column":36}},"type":"cond-expr","locations":[{"start":{"line":169,"column":31},"end":{"line":169,"column":32}},{"start":{"line":169,"column":35},"end":{"line":169,"column":36}}],"line":169}},"s":{"0":0,"1":0,"2":0,"3":0,"4":0,"5":0,"6":0,"7":0,"8":0,"9":0,"10":0,"11":0,"12":0,"13":0,"14":0,"15":0,"16":0,"17":0,"18":0,"19":0,"20":0,"21":0,"22":0,"23":0,"24":0,"25":0,"26":0,"27":0,"28":0,"29":0,"30":0,"31":0,"32":0,"33":0,"34":0,"35":0,"36":0,"37":0,"38":0,"39":0,"40":0,"41":0,"42":0,"43":0,"44":0,"45":0,"46":0,"47":0,"48":0,"49":0,"50":0,"51":0,"52":0,"53":0,"54":0,"55":0,"56":0,"57":0,"58":0,"59":0,"60":0,"61":0,"62":0,"63":0,"64":0,"65":0,"66":0,"67":0,"68":0,"69":0,"70":0,"71":0,"72":0,"73":0,"74":0,"75":0,"76":0,"77":0,"78":0,"79":0,"80":0,"81":0,"82":0,"83":0,"84":0,"85":0,"86":0,"87":0,"88":0,"89":0,"90":0,"91":0,"92":0,"93":0,"94":0,"95":0,"96":0,"97":0,"98":0},"f":{"0":0,"1":0,"2":0,"3":0},"b":{"0":[0,0],"1":[0,0],"2":[0,0],"3":[0,0],"4":[0,0]}}
,"C:\\Users\\Nightgalem\\clawd\\temp-repo\\api\\ally-bot.js": {"path":"C:\\Users\\Nightgalem\\clawd\\temp-repo\\api\\ally-bot.js","statementMap":{"0":{"start":{"line":6,"column":16},"end":{"line":6,"column":34}},"1":{"start":{"line":7,"column":15},"end":{"line":7,"column":31}},"2":{"start":{"line":8,"column":17},"end":{"line":8,"column":30}},"3":{"start":{"line":10,"column":13},"end":{"line":13,"column":2}},"4":{"start":{"line":15,"column":27},"end":{"line":15,"column":53}},"5":{"start":{"line":16,"column":26},"end":{"line":16,"column":55}},"6":{"start":{"line":17,"column":21},"end":{"line":17,"column":72}},"7":{"start":{"line":22,"column":0},"end":{"line":41,"column":3}},"8":{"start":{"line":23,"column":2},"end":{"line":40,"column":3}},"9":{"start":{"line":24,"column":19},"end":{"line":24,"column":27}},"10":{"start":{"line":27,"column":4},"end":{"line":29,"column":5}},"11":{"start":{"line":28,"column":6},"end":{"line":28,"column":42}},"12":{"start":{"line":32,"column":4},"end":{"line":34,"column":5}},"13":{"start":{"line":33,"column":6},"end":{"line":33,"column":50}},"14":{"start":{"line":36,"column":4},"end":{"line":36,"column":27}},"15":{"start":{"line":38,"column":4},"end":{"line":38,"column":50}},"16":{"start":{"line":39,"column":4},"end":{"line":39,"column":27}},"17":{"start":{"line":47,"column":21},"end":{"line":47,"column":47}},"18":{"start":{"line":48,"column":17},"end":{"line":48,"column":32}},"19":{"start":{"line":49,"column":15},"end":{"line":49,"column":33}},"20":{"start":{"line":50,"column":20},"end":{"line":50,"column":54}},"21":{"start":{"line":52,"column":2},"end":{"line":52,"column":80}},"22":{"start":{"line":55,"column":2},"end":{"line":63,"column":3}},"23":{"start":{"line":56,"column":21},"end":{"line":56,"column":39}},"24":{"start":{"line":57,"column":4},"end":{"line":60,"column":5}},"25":{"start":{"line":58,"column":6},"end":{"line":58,"column":68}},"26":{"start":{"line":59,"column":6},"end":{"line":59,"column":13}},"27":{"start":{"line":61,"column":4},"end":{"line":61,"column":41}},"28":{"start":{"line":62,"column":4},"end":{"line":62,"column":11}},"29":{"start":{"line":66,"column":15},"end":{"line":66,"column":52}},"30":{"start":{"line":68,"column":2},"end":{"line":77,"column":3}},"31":{"start":{"line":70,"column":4},"end":{"line":75,"column":6}},"32":{"start":{"line":76,"column":4},"end":{"line":76,"column":11}},"33":{"start":{"line":80,"column":2},"end":{"line":80,"column":43}},"34":{"start":{"line":87,"column":2},"end":{"line":122,"column":3}},"35":{"start":{"line":89,"column":19},"end":{"line":92,"column":5}},"36":{"start":{"line":94,"column":4},"end":{"line":100,"column":5}},"37":{"start":{"line":95,"column":6},"end":{"line":98,"column":8}},"38":{"start":{"line":99,"column":6},"end":{"line":99,"column":13}},"39":{"start":{"line":103,"column":4},"end":{"line":106,"column":6}},"40":{"start":{"line":108,"column":4},"end":{"line":116,"column":6}},"41":{"start":{"line":118,"column":4},"end":{"line":118,"column":76}},"42":{"start":{"line":120,"column":4},"end":{"line":120,"column":47}},"43":{"start":{"line":121,"column":4},"end":{"line":121,"column":76}},"44":{"start":{"line":130,"column":2},"end":{"line":130,"column":27}},"45":{"start":{"line":132,"column":2},"end":{"line":187,"column":3}},"46":{"start":{"line":134,"column":20},"end":{"line":134,"column":61}},"47":{"start":{"line":137,"column":21},"end":{"line":143,"column":5}},"48":{"start":{"line":138,"column":29},"end":{"line":141,"column":7}},"49":{"start":{"line":146,"column":21},"end":{"line":165,"column":6}},"50":{"start":{"line":167,"column":4},"end":{"line":172,"column":5}},"51":{"start":{"line":168,"column":20},"end":{"line":168,"column":41}},"52":{"start":{"line":169,"column":6},"end":{"line":169,"column":51}},"53":{"start":{"line":170,"column":6},"end":{"line":170,"column":85}},"54":{"start":{"line":171,"column":6},"end":{"line":171,"column":13}},"55":{"start":{"line":174,"column":17},"end":{"line":174,"column":38}},"56":{"start":{"line":175,"column":18},"end":{"line":175,"column":78}},"57":{"start":{"line":178,"column":4},"end":{"line":178,"column":46}},"58":{"start":{"line":179,"column":4},"end":{"line":179,"column":52}},"59":{"start":{"line":182,"column":4},"end":{"line":182,"column":41}},"60":{"start":{"line":185,"column":4},"end":{"line":185,"column":50}},"61":{"start":{"line":186,"column":4},"end":{"line":186,"column":81}},"62":{"start":{"line":194,"column":17},"end":{"line":197,"column":3}},"63":{"start":{"line":198,"column":2},"end":{"line":198,"column":32}},"64":{"start":{"line":205,"column":17},"end":{"line":211,"column":3}},"65":{"start":{"line":212,"column":2},"end":{"line":212,"column":31}},"66":{"start":{"line":219,"column":2},"end":{"line":222,"column":4}},"67":{"start":{"line":229,"column":2},"end":{"line":236,"column":4}},"68":{"start":{"line":243,"column":19},"end":{"line":252,"column":4}},"69":{"start":{"line":253,"column":2},"end":{"line":253,"column":25}},"70":{"start":{"line":260,"column":20},"end":{"line":260,"column":24}},"71":{"start":{"line":262,"column":2},"end":{"line":265,"column":3}},"72":{"start":{"line":263,"column":4},"end":{"line":263,"column":37}},"73":{"start":{"line":264,"column":4},"end":{"line":264,"column":11}},"74":{"start":{"line":268,"column":17},"end":{"line":268,"column":19}},"75":{"start":{"line":269,"column":16},"end":{"line":269,"column":18}},"76":{"start":{"line":271,"column":2},"end":{"line":278,"column":3}},"77":{"start":{"line":272,"column":4},"end":{"line":277,"column":5}},"78":{"start":{"line":273,"column":6},"end":{"line":273,"column":40}},"79":{"start":{"line":273,"column":19},"end":{"line":273,"column":40}},"80":{"start":{"line":274,"column":6},"end":{"line":274,"column":26}},"81":{"start":{"line":276,"column":6},"end":{"line":276,"column":67}},"82":{"start":{"line":279,"column":2},"end":{"line":279,"column":36}},"83":{"start":{"line":279,"column":15},"end":{"line":279,"column":36}},"84":{"start":{"line":281,"column":2},"end":{"line":283,"column":3}},"85":{"start":{"line":282,"column":4},"end":{"line":282,"column":38}},"86":{"start":{"line":290,"column":2},"end":{"line":297,"column":5}},"87":{"start":{"line":305,"column":2},"end":{"line":309,"column":5}},"88":{"start":{"line":315,"column":0},"end":{"line":326,"column":3}},"89":{"start":{"line":316,"column":21},"end":{"line":316,"column":82}},"90":{"start":{"line":318,"column":19},"end":{"line":322,"column":4}},"91":{"start":{"line":324,"column":17},"end":{"line":324,"column":38}},"92":{"start":{"line":325,"column":2},"end":{"line":325,"column":19}},"93":{"start":{"line":328,"column":0},"end":{"line":328,"column":24}}},"fnMap":{"0":{"name":"(anonymous_0)","decl":{"start":{"line":22,"column":24},"end":{"line":22,"column":25}},"loc":{"start":{"line":22,"column":44},"end":{"line":41,"column":1}},"line":22},"1":{"name":"handleMessage","decl":{"start":{"line":46,"column":15},"end":{"line":46,"column":28}},"loc":{"start":{"line":46,"column":38},"end":{"line":81,"column":1}},"line":46},"2":{"name":"handleLinkCode","decl":{"start":{"line":86,"column":15},"end":{"line":86,"column":29}},"loc":{"start":{"line":86,"column":71},"end":{"line":123,"column":1}},"line":86},"3":{"name":"processMessage","decl":{"start":{"line":128,"column":15},"end":{"line":128,"column":29}},"loc":{"start":{"line":128,"column":50},"end":{"line":188,"column":1}},"line":128},"4":{"name":"(anonymous_4)","decl":{"start":{"line":138,"column":21},"end":{"line":138,"column":22}},"loc":{"start":{"line":138,"column":29},"end":{"line":141,"column":7}},"line":138},"5":{"name":"getUserByTelegramId","decl":{"start":{"line":193,"column":15},"end":{"line":193,"column":34}},"loc":{"start":{"line":193,"column":47},"end":{"line":199,"column":1}},"line":193},"6":{"name":"getConversationHistory","decl":{"start":{"line":204,"column":15},"end":{"line":204,"column":37}},"loc":{"start":{"line":204,"column":58},"end":{"line":213,"column":1}},"line":204},"7":{"name":"storeMessage","decl":{"start":{"line":218,"column":15},"end":{"line":218,"column":27}},"loc":{"start":{"line":218,"column":51},"end":{"line":223,"column":1}},"line":218},"8":{"name":"sendWelcome","decl":{"start":{"line":228,"column":15},"end":{"line":228,"column":26}},"loc":{"start":{"line":228,"column":46},"end":{"line":237,"column":1}},"line":228},"9":{"name":"sendTelegram","decl":{"start":{"line":242,"column":15},"end":{"line":242,"column":27}},"loc":{"start":{"line":242,"column":56},"end":{"line":254,"column":1}},"line":242},"10":{"name":"sendLongMessage","decl":{"start":{"line":259,"column":15},"end":{"line":259,"column":30}},"loc":{"start":{"line":259,"column":45},"end":{"line":284,"column":1}},"line":259},"11":{"name":"sendTyping","decl":{"start":{"line":289,"column":15},"end":{"line":289,"column":25}},"loc":{"start":{"line":289,"column":34},"end":{"line":298,"column":1}},"line":289},"12":{"name":"handleCallback","decl":{"start":{"line":303,"column":15},"end":{"line":303,"column":29}},"loc":{"start":{"line":303,"column":37},"end":{"line":310,"column":1}},"line":303},"13":{"name":"(anonymous_13)","decl":{"start":{"line":315,"column":28},"end":{"line":315,"column":29}},"loc":{"start":{"line":315,"column":48},"end":{"line":326,"column":1}},"line":315}},"branchMap":{"0":{"loc":{"start":{"line":27,"column":4},"end":{"line":29,"column":5}},"type":"if","locations":[{"start":{"line":27,"column":4},"end":{"line":29,"column":5}},{"start":{},"end":{}}],"line":27},"1":{"loc":{"start":{"line":32,"column":4},"end":{"line":34,"column":5}},"type":"if","locations":[{"start":{"line":32,"column":4},"end":{"line":34,"column":5}},{"start":{},"end":{}}],"line":32},"2":{"loc":{"start":{"line":49,"column":15},"end":{"line":49,"column":33}},"type":"binary-expr","locations":[{"start":{"line":49,"column":15},"end":{"line":49,"column":27}},{"start":{"line":49,"column":31},"end":{"line":49,"column":33}}],"line":49},"3":{"loc":{"start":{"line":50,"column":20},"end":{"line":50,"column":54}},"type":"binary-expr","locations":[{"start":{"line":50,"column":20},"end":{"line":50,"column":43}},{"start":{"line":50,"column":47},"end":{"line":50,"column":54}}],"line":50},"4":{"loc":{"start":{"line":55,"column":2},"end":{"line":63,"column":3}},"type":"if","locations":[{"start":{"line":55,"column":2},"end":{"line":63,"column":3}},{"start":{},"end":{}}],"line":55},"5":{"loc":{"start":{"line":57,"column":4},"end":{"line":60,"column":5}},"type":"if","locations":[{"start":{"line":57,"column":4},"end":{"line":60,"column":5}},{"start":{},"end":{}}],"line":57},"6":{"loc":{"start":{"line":57,"column":8},"end":{"line":57,"column":48}},"type":"binary-expr","locations":[{"start":{"line":57,"column":8},"end":{"line":57,"column":16}},{"start":{"line":57,"column":20},"end":{"line":57,"column":48}}],"line":57},"7":{"loc":{"start":{"line":68,"column":2},"end":{"line":77,"column":3}},"type":"if","locations":[{"start":{"line":68,"column":2},"end":{"line":77,"column":3}},{"start":{},"end":{}}],"line":68},"8":{"loc":{"start":{"line":94,"column":4},"end":{"line":100,"column":5}},"type":"if","locations":[{"start":{"line":94,"column":4},"end":{"line":100,"column":5}},{"start":{},"end":{}}],"line":94},"9":{"loc":{"start":{"line":154,"column":15},"end":{"line":154,"column":55}},"type":"binary-expr","locations":[{"start":{"line":154,"column":15},"end":{"line":154,"column":25}},{"start":{"line":154,"column":29},"end":{"line":154,"column":55}}],"line":154},"10":{"loc":{"start":{"line":159,"column":10},"end":{"line":159,"column":31}},"type":"binary-expr","locations":[{"start":{"line":159,"column":10},"end":{"line":159,"column":19}},{"start":{"line":159,"column":23},"end":{"line":159,"column":31}}],"line":159},"11":{"loc":{"start":{"line":167,"column":4},"end":{"line":172,"column":5}},"type":"if","locations":[{"start":{"line":167,"column":4},"end":{"line":172,"column":5}},{"start":{},"end":{}}],"line":167},"12":{"loc":{"start":{"line":175,"column":18},"end":{"line":175,"column":78}},"type":"binary-expr","locations":[{"start":{"line":175,"column":18},"end":{"line":175,"column":41}},{"start":{"line":175,"column":45},"end":{"line":175,"column":78}}],"line":175},"13":{"loc":{"start":{"line":198,"column":9},"end":{"line":198,"column":31}},"type":"binary-expr","locations":[{"start":{"line":198,"column":9},"end":{"line":198,"column":23}},{"start":{"line":198,"column":27},"end":{"line":198,"column":31}}],"line":198},"14":{"loc":{"start":{"line":204,"column":46},"end":{"line":204,"column":56}},"type":"default-arg","locations":[{"start":{"line":204,"column":54},"end":{"line":204,"column":56}}],"line":204},"15":{"loc":{"start":{"line":242,"column":42},"end":{"line":242,"column":54}},"type":"default-arg","locations":[{"start":{"line":242,"column":52},"end":{"line":242,"column":54}}],"line":242},"16":{"loc":{"start":{"line":262,"column":2},"end":{"line":265,"column":3}},"type":"if","locations":[{"start":{"line":262,"column":2},"end":{"line":265,"column":3}},{"start":{},"end":{}}],"line":262},"17":{"loc":{"start":{"line":272,"column":4},"end":{"line":277,"column":5}},"type":"if","locations":[{"start":{"line":272,"column":4},"end":{"line":277,"column":5}},{"start":{"line":275,"column":11},"end":{"line":277,"column":5}}],"line":272},"18":{"loc":{"start":{"line":273,"column":6},"end":{"line":273,"column":40}},"type":"if","locations":[{"start":{"line":273,"column":6},"end":{"line":273,"column":40}},{"start":{},"end":{}}],"line":273},"19":{"loc":{"start":{"line":276,"column":16},"end":{"line":276,"column":66}},"type":"cond-expr","locations":[{"start":{"line":276,"column":26},"end":{"line":276,"column":54}},{"start":{"line":276,"column":57},"end":{"line":276,"column":66}}],"line":276},"20":{"loc":{"start":{"line":279,"column":2},"end":{"line":279,"column":36}},"type":"if","locations":[{"start":{"line":279,"column":2},"end":{"line":279,"column":36}},{"start":{},"end":{}}],"line":279},"21":{"loc":{"start":{"line":316,"column":21},"end":{"line":316,"column":82}},"type":"binary-expr","locations":[{"start":{"line":316,"column":21},"end":{"line":316,"column":33}},{"start":{"line":316,"column":37},"end":{"line":316,"column":82}}],"line":316}},"s":{"0":0,"1":0,"2":0,"3":0,"4":0,"5":0,"6":0,"7":0,"8":0,"9":0,"10":0,"11":0,"12":0,"13":0,"14":0,"15":0,"16":0,"17":0,"18":0,"19":0,"20":0,"21":0,"22":0,"23":0,"24":0,"25":0,"26":0,"27":0,"28":0,"29":0,"30":0,"31":0,"32":0,"33":0,"34":0,"35":0,"36":0,"37":0,"38":0,"39":0,"40":0,"41":0,"42":0,"43":0,"44":0,"45":0,"46":0,"47":0,"48":0,"49":0,"50":0,"51":0,"52":0,"53":0,"54":0,"55":0,"56":0,"57":0,"58":0,"59":0,"60":0,"61":0,"62":0,"63":0,"64":0,"65":0,"66":0,"67":0,"68":0,"69":0,"70":0,"71":0,"72":0,"73":0,"74":0,"75":0,"76":0,"77":0,"78":0,"79":0,"80":0,"81":0,"82":0,"83":0,"84":0,"85":0,"86":0,"87":0,"88":0,"89":0,"90":0,"91":0,"92":0,"93":0},"f":{"0":0,"1":0,"2":0,"3":0,"4":0,"5":0,"6":0,"7":0,"8":0,"9":0,"10":0,"11":0,"12":0,"13":0},"b":{"0":[0,0],"1":[0,0],"2":[0,0],"3":[0,0],"4":[0,0],"5":[0,0],"6":[0,0],"7":[0,0],"8":[0,0],"9":[0,0],"10":[0,0],"11":[0,0],"12":[0,0],"13":[0,0],"14":[0],"15":[0],"16":[0,0],"17":[0,0],"18":[0,0],"19":[0,0],"20":[0,0],"21":[0,0]}}
,"C:\\Users\\Nightgalem\\clawd\\temp-repo\\api\\ally.js": {"path":"C:\\Users\\Nightgalem\\clawd\\temp-repo\\api\\ally.js","statementMap":{"0":{"start":{"line":19,"column":16},"end":{"line":19,"column":34}},"1":{"start":{"line":20,"column":15},"end":{"line":20,"column":31}},"2":{"start":{"line":21,"column":17},"end":{"line":21,"column":30}},"3":{"start":{"line":22,"column":15},"end":{"line":22,"column":32}},"4":{"start":{"line":25,"column":13},"end":{"line":30,"column":2}},"5":{"start":{"line":33,"column":23},"end":{"line":33,"column":83}},"6":{"start":{"line":34,"column":21},"end":{"line":34,"column":51}},"7":{"start":{"line":35,"column":20},"end":{"line":35,"column":70}},"8":{"start":{"line":41,"column":2},"end":{"line":44,"column":3}},"9":{"start":{"line":42,"column":4},"end":{"line":42,"column":53}},"10":{"start":{"line":43,"column":4},"end":{"line":43,"column":16}},"11":{"start":{"line":46,"column":14},"end":{"line":46,"column":60}},"12":{"start":{"line":48,"column":2},"end":{"line":68,"column":3}},"13":{"start":{"line":49,"column":21},"end":{"line":58,"column":6}},"14":{"start":{"line":60,"column":17},"end":{"line":60,"column":38}},"15":{"start":{"line":61,"column":4},"end":{"line":63,"column":5}},"16":{"start":{"line":62,"column":6},"end":{"line":62,"column":61}},"17":{"start":{"line":64,"column":4},"end":{"line":64,"column":16}},"18":{"start":{"line":66,"column":4},"end":{"line":66,"column":61}},"19":{"start":{"line":67,"column":4},"end":{"line":67,"column":16}},"20":{"start":{"line":76,"column":2},"end":{"line":76,"column":61}},"21":{"start":{"line":83,"column":0},"end":{"line":160,"column":3}},"22":{"start":{"line":84,"column":36},"end":{"line":84,"column":44}},"23":{"start":{"line":86,"column":2},"end":{"line":88,"column":3}},"24":{"start":{"line":87,"column":4},"end":{"line":87,"column":64}},"25":{"start":{"line":90,"column":2},"end":{"line":159,"column":3}},"26":{"start":{"line":92,"column":25},"end":{"line":95,"column":5}},"27":{"start":{"line":97,"column":4},"end":{"line":123,"column":5}},"28":{"start":{"line":98,"column":19},"end":{"line":98,"column":39}},"29":{"start":{"line":101,"column":24},"end":{"line":104,"column":7}},"30":{"start":{"line":106,"column":17},"end":{"line":106,"column":34}},"31":{"start":{"line":109,"column":19},"end":{"line":112,"column":7}},"32":{"start":{"line":114,"column":6},"end":{"line":122,"column":9}},"33":{"start":{"line":126,"column":24},"end":{"line":126,"column":69}},"34":{"start":{"line":127,"column":21},"end":{"line":127,"column":39}},"35":{"start":{"line":128,"column":19},"end":{"line":128,"column":67}},"36":{"start":{"line":131,"column":4},"end":{"line":134,"column":40}},"37":{"start":{"line":137,"column":23},"end":{"line":141,"column":60}},"38":{"start":{"line":143,"column":19},"end":{"line":143,"column":40}},"39":{"start":{"line":145,"column":4},"end":{"line":145,"column":67}},"40":{"start":{"line":147,"column":4},"end":{"line":154,"column":7}},"41":{"start":{"line":157,"column":4},"end":{"line":157,"column":52}},"42":{"start":{"line":158,"column":4},"end":{"line":158,"column":90}},"43":{"start":{"line":166,"column":0},"end":{"line":214,"column":3}},"44":{"start":{"line":167,"column":33},"end":{"line":167,"column":42}},"45":{"start":{"line":169,"column":2},"end":{"line":171,"column":3}},"46":{"start":{"line":170,"column":4},"end":{"line":170,"column":76}},"47":{"start":{"line":173,"column":2},"end":{"line":213,"column":3}},"48":{"start":{"line":174,"column":15},"end":{"line":174,"column":26}},"49":{"start":{"line":177,"column":4},"end":{"line":186,"column":5}},"50":{"start":{"line":178,"column":19},"end":{"line":181,"column":7}},"51":{"start":{"line":182,"column":6},"end":{"line":184,"column":7}},"52":{"start":{"line":183,"column":8},"end":{"line":183,"column":68}},"53":{"start":{"line":185,"column":6},"end":{"line":185,"column":39}},"54":{"start":{"line":189,"column":17},"end":{"line":192,"column":5}},"55":{"start":{"line":194,"column":4},"end":{"line":196,"column":5}},"56":{"start":{"line":195,"column":6},"end":{"line":195,"column":60}},"57":{"start":{"line":198,"column":14},"end":{"line":198,"column":26}},"58":{"start":{"line":199,"column":4},"end":{"line":208,"column":7}},"59":{"start":{"line":211,"column":4},"end":{"line":211,"column":47}},"60":{"start":{"line":212,"column":4},"end":{"line":212,"column":67}},"61":{"start":{"line":220,"column":0},"end":{"line":230,"column":3}},"62":{"start":{"line":221,"column":17},"end":{"line":221,"column":25}},"63":{"start":{"line":224,"column":2},"end":{"line":224,"column":22}},"64":{"start":{"line":227,"column":2},"end":{"line":229,"column":5}},"65":{"start":{"line":228,"column":4},"end":{"line":228,"column":58}},"66":{"start":{"line":236,"column":18},"end":{"line":236,"column":57}},"67":{"start":{"line":238,"column":2},"end":{"line":240,"column":3}},"68":{"start":{"line":239,"column":4},"end":{"line":239,"column":11}},"69":{"start":{"line":242,"column":17},"end":{"line":242,"column":32}},"70":{"start":{"line":243,"column":17},"end":{"line":243,"column":32}},"71":{"start":{"line":244,"column":19},"end":{"line":244,"column":40}},"72":{"start":{"line":245,"column":20},"end":{"line":245,"column":53}},"73":{"start":{"line":246,"column":15},"end":{"line":246,"column":34}},"74":{"start":{"line":248,"column":2},"end":{"line":248,"column":102}},"75":{"start":{"line":251,"column":2},"end":{"line":261,"column":3}},"76":{"start":{"line":252,"column":18},"end":{"line":252,"column":35}},"77":{"start":{"line":253,"column":17},"end":{"line":253,"column":40}},"78":{"start":{"line":255,"column":4},"end":{"line":259,"column":5}},"79":{"start":{"line":256,"column":6},"end":{"line":256,"column":70}},"80":{"start":{"line":258,"column":6},"end":{"line":258,"column":61}},"81":{"start":{"line":260,"column":4},"end":{"line":260,"column":11}},"82":{"start":{"line":264,"column":2},"end":{"line":275,"column":3}},"83":{"start":{"line":265,"column":4},"end":{"line":273,"column":6}},"84":{"start":{"line":274,"column":4},"end":{"line":274,"column":11}},"85":{"start":{"line":278,"column":2},"end":{"line":281,"column":3}},"86":{"start":{"line":279,"column":4},"end":{"line":279,"column":50}},"87":{"start":{"line":280,"column":4},"end":{"line":280,"column":11}},"88":{"start":{"line":284,"column":2},"end":{"line":287,"column":3}},"89":{"start":{"line":285,"column":4},"end":{"line":285,"column":50}},"90":{"start":{"line":286,"column":4},"end":{"line":286,"column":11}},"91":{"start":{"line":290,"column":15},"end":{"line":293,"column":3}},"92":{"start":{"line":295,"column":2},"end":{"line":307,"column":3}},"93":{"start":{"line":297,"column":4},"end":{"line":305,"column":6}},"94":{"start":{"line":306,"column":4},"end":{"line":306,"column":11}},"95":{"start":{"line":309,"column":22},"end":{"line":309,"column":47}},"96":{"start":{"line":312,"column":2},"end":{"line":312,"column":72}},"97":{"start":{"line":319,"column":2},"end":{"line":389,"column":3}},"98":{"start":{"line":321,"column":22},"end":{"line":324,"column":5}},"99":{"start":{"line":326,"column":4},"end":{"line":333,"column":5}},"100":{"start":{"line":327,"column":6},"end":{"line":331,"column":8}},"101":{"start":{"line":332,"column":6},"end":{"line":332,"column":13}},"102":{"start":{"line":335,"column":24},"end":{"line":335,"column":44}},"103":{"start":{"line":338,"column":25},"end":{"line":341,"column":5}},"104":{"start":{"line":343,"column":4},"end":{"line":363,"column":5}},"105":{"start":{"line":344,"column":6},"end":{"line":361,"column":7}},"106":{"start":{"line":345,"column":8},"end":{"line":348,"column":10}},"107":{"start":{"line":351,"column":8},"end":{"line":355,"column":42}},"108":{"start":{"line":357,"column":8},"end":{"line":360,"column":10}},"109":{"start":{"line":362,"column":6},"end":{"line":362,"column":13}},"110":{"start":{"line":366,"column":4},"end":{"line":369,"column":83}},"111":{"start":{"line":371,"column":4},"end":{"line":371,"column":80}},"112":{"start":{"line":373,"column":4},"end":{"line":382,"column":6}},"113":{"start":{"line":385,"column":4},"end":{"line":385,"column":45}},"114":{"start":{"line":386,"column":4},"end":{"line":388,"column":6}},"115":{"start":{"line":397,"column":15},"end":{"line":400,"column":3}},"116":{"start":{"line":402,"column":2},"end":{"line":408,"column":3}},"117":{"start":{"line":403,"column":4},"end":{"line":406,"column":6}},"118":{"start":{"line":407,"column":4},"end":{"line":407,"column":11}},"119":{"start":{"line":410,"column":2},"end":{"line":417,"column":4}},"120":{"start":{"line":424,"column":2},"end":{"line":456,"column":3}},"121":{"start":{"line":425,"column":17},"end":{"line":431,"column":24}},"122":{"start":{"line":433,"column":4},"end":{"line":440,"column":5}},"123":{"start":{"line":434,"column":6},"end":{"line":438,"column":8}},"124":{"start":{"line":439,"column":6},"end":{"line":439,"column":13}},"125":{"start":{"line":442,"column":17},"end":{"line":442,"column":29}},"126":{"start":{"line":443,"column":23},"end":{"line":443,"column":68}},"127":{"start":{"line":445,"column":4},"end":{"line":452,"column":6}},"128":{"start":{"line":454,"column":4},"end":{"line":454,"column":42}},"129":{"start":{"line":455,"column":4},"end":{"line":455,"column":85}},"130":{"start":{"line":463,"column":2},"end":{"line":488,"column":3}},"131":{"start":{"line":464,"column":17},"end":{"line":467,"column":5}},"132":{"start":{"line":469,"column":4},"end":{"line":472,"column":5}},"133":{"start":{"line":470,"column":6},"end":{"line":470,"column":77}},"134":{"start":{"line":471,"column":6},"end":{"line":471,"column":13}},"135":{"start":{"line":474,"column":4},"end":{"line":477,"column":6}},"136":{"start":{"line":479,"column":4},"end":{"line":479,"column":98}},"137":{"start":{"line":481,"column":4},"end":{"line":484,"column":6}},"138":{"start":{"line":486,"column":4},"end":{"line":486,"column":42}},"139":{"start":{"line":487,"column":4},"end":{"line":487,"column":79}},"140":{"start":{"line":495,"column":2},"end":{"line":599,"column":3}},"141":{"start":{"line":497,"column":22},"end":{"line":500,"column":5}},"142":{"start":{"line":502,"column":4},"end":{"line":507,"column":5}},"143":{"start":{"line":503,"column":6},"end":{"line":505,"column":8}},"144":{"start":{"line":506,"column":6},"end":{"line":506,"column":13}},"145":{"start":{"line":510,"column":4},"end":{"line":513,"column":44}},"146":{"start":{"line":516,"column":4},"end":{"line":520,"column":7}},"147":{"start":{"line":525,"column":4},"end":{"line":574,"column":5}},"148":{"start":{"line":526,"column":24},"end":{"line":526,"column":52}},"149":{"start":{"line":527,"column":24},"end":{"line":527,"column":80}},"150":{"start":{"line":530,"column":28},"end":{"line":534,"column":39}},"151":{"start":{"line":536,"column":23},"end":{"line":539,"column":9}},"152":{"start":{"line":536,"column":64},"end":{"line":539,"column":7}},"153":{"start":{"line":542,"column":26},"end":{"line":542,"column":28}},"154":{"start":{"line":543,"column":6},"end":{"line":557,"column":7}},"155":{"start":{"line":544,"column":25},"end":{"line":549,"column":25}},"156":{"start":{"line":551,"column":8},"end":{"line":554,"column":9}},"157":{"start":{"line":552,"column":10},"end":{"line":553,"column":64}},"158":{"start":{"line":553,"column":35},"end":{"line":553,"column":51}},"159":{"start":{"line":559,"column":25},"end":{"line":569,"column":8}},"160":{"start":{"line":571,"column":6},"end":{"line":571,"column":44}},"161":{"start":{"line":573,"column":6},"end":{"line":573,"column":123}},"162":{"start":{"line":577,"column":4},"end":{"line":580,"column":48}},"163":{"start":{"line":583,"column":18},"end":{"line":583,"column":56}},"164":{"start":{"line":584,"column":4},"end":{"line":589,"column":29}},"165":{"start":{"line":592,"column":4},"end":{"line":592,"column":48}},"166":{"start":{"line":595,"column":4},"end":{"line":595,"column":52}},"167":{"start":{"line":596,"column":4},"end":{"line":598,"column":6}},"168":{"start":{"line":606,"column":0},"end":{"line":643,"column":3}},"169":{"start":{"line":607,"column":23},"end":{"line":607,"column":31}},"170":{"start":{"line":610,"column":2},"end":{"line":612,"column":3}},"171":{"start":{"line":611,"column":4},"end":{"line":611,"column":59}},"172":{"start":{"line":614,"column":2},"end":{"line":616,"column":3}},"173":{"start":{"line":615,"column":4},"end":{"line":615,"column":76}},"174":{"start":{"line":618,"column":22},"end":{"line":618,"column":95}},"175":{"start":{"line":619,"column":21},"end":{"line":619,"column":54}},"176":{"start":{"line":621,"column":2},"end":{"line":642,"column":3}},"177":{"start":{"line":622,"column":21},"end":{"line":630,"column":6}},"178":{"start":{"line":632,"column":17},"end":{"line":632,"column":38}},"179":{"start":{"line":634,"column":4},"end":{"line":639,"column":5}},"180":{"start":{"line":635,"column":6},"end":{"line":635,"column":58}},"181":{"start":{"line":636,"column":6},"end":{"line":636,"column":46}},"182":{"start":{"line":638,"column":6},"end":{"line":638,"column":78}},"183":{"start":{"line":641,"column":4},"end":{"line":641,"column":51}},"184":{"start":{"line":649,"column":0},"end":{"line":661,"column":3}},"185":{"start":{"line":650,"column":2},"end":{"line":652,"column":3}},"186":{"start":{"line":651,"column":4},"end":{"line":651,"column":76}},"187":{"start":{"line":654,"column":2},"end":{"line":660,"column":3}},"188":{"start":{"line":655,"column":21},"end":{"line":655,"column":83}},"189":{"start":{"line":656,"column":17},"end":{"line":656,"column":38}},"190":{"start":{"line":657,"column":4},"end":{"line":657,"column":26}},"191":{"start":{"line":659,"column":4},"end":{"line":659,"column":51}},"192":{"start":{"line":663,"column":0},"end":{"line":663,"column":24}}},"fnMap":{"0":{"name":"sendTelegramMessage","decl":{"start":{"line":40,"column":15},"end":{"line":40,"column":34}},"loc":{"start":{"line":40,"column":63},"end":{"line":69,"column":1}},"line":40},"1":{"name":"generateLinkCode","decl":{"start":{"line":74,"column":9},"end":{"line":74,"column":25}},"loc":{"start":{"line":74,"column":28},"end":{"line":77,"column":1}},"line":74},"2":{"name":"(anonymous_2)","decl":{"start":{"line":83,"column":33},"end":{"line":83,"column":34}},"loc":{"start":{"line":83,"column":53},"end":{"line":160,"column":1}},"line":83},"3":{"name":"(anonymous_3)","decl":{"start":{"line":166,"column":27},"end":{"line":166,"column":28}},"loc":{"start":{"line":166,"column":47},"end":{"line":214,"column":1}},"line":166},"4":{"name":"(anonymous_4)","decl":{"start":{"line":220,"column":24},"end":{"line":220,"column":25}},"loc":{"start":{"line":220,"column":44},"end":{"line":230,"column":1}},"line":220},"5":{"name":"(anonymous_5)","decl":{"start":{"line":227,"column":34},"end":{"line":227,"column":35}},"loc":{"start":{"line":227,"column":43},"end":{"line":229,"column":3}},"line":227},"6":{"name":"processAllyUpdate","decl":{"start":{"line":235,"column":15},"end":{"line":235,"column":32}},"loc":{"start":{"line":235,"column":41},"end":{"line":313,"column":1}},"line":235},"7":{"name":"handleLinkCode","decl":{"start":{"line":318,"column":15},"end":{"line":318,"column":29}},"loc":{"start":{"line":318,"column":73},"end":{"line":390,"column":1}},"line":318},"8":{"name":"handleStart","decl":{"start":{"line":395,"column":15},"end":{"line":395,"column":26}},"loc":{"start":{"line":395,"column":64},"end":{"line":418,"column":1}},"line":395},"9":{"name":"handleStatus","decl":{"start":{"line":423,"column":15},"end":{"line":423,"column":27}},"loc":{"start":{"line":423,"column":55},"end":{"line":457,"column":1}},"line":423},"10":{"name":"handleUnlink","decl":{"start":{"line":462,"column":15},"end":{"line":462,"column":27}},"loc":{"start":{"line":462,"column":55},"end":{"line":489,"column":1}},"line":462},"11":{"name":"handleUserMessage","decl":{"start":{"line":494,"column":15},"end":{"line":494,"column":32}},"loc":{"start":{"line":494,"column":79},"end":{"line":600,"column":1}},"line":494},"12":{"name":"(anonymous_12)","decl":{"start":{"line":536,"column":56},"end":{"line":536,"column":57}},"loc":{"start":{"line":536,"column":64},"end":{"line":539,"column":7}},"line":536},"13":{"name":"(anonymous_13)","decl":{"start":{"line":553,"column":30},"end":{"line":553,"column":31}},"loc":{"start":{"line":553,"column":35},"end":{"line":553,"column":51}},"line":553},"14":{"name":"(anonymous_14)","decl":{"start":{"line":606,"column":30},"end":{"line":606,"column":31}},"loc":{"start":{"line":606,"column":50},"end":{"line":643,"column":1}},"line":606},"15":{"name":"(anonymous_15)","decl":{"start":{"line":649,"column":28},"end":{"line":649,"column":29}},"loc":{"start":{"line":649,"column":48},"end":{"line":661,"column":1}},"line":649}},"branchMap":{"0":{"loc":{"start":{"line":27,"column":7},"end":{"line":29,"column":11}},"type":"cond-expr","locations":[{"start":{"line":28,"column":6},"end":{"line":28,"column":34}},{"start":{"line":29,"column":6},"end":{"line":29,"column":11}}],"line":27},"1":{"loc":{"start":{"line":33,"column":23},"end":{"line":33,"column":83}},"type":"binary-expr","locations":[{"start":{"line":33,"column":23},"end":{"line":33,"column":49}},{"start":{"line":33,"column":53},"end":{"line":33,"column":83}}],"line":33},"2":{"loc":{"start":{"line":35,"column":20},"end":{"line":35,"column":70}},"type":"binary-expr","locations":[{"start":{"line":35,"column":20},"end":{"line":35,"column":43}},{"start":{"line":35,"column":47},"end":{"line":35,"column":70}}],"line":35},"3":{"loc":{"start":{"line":40,"column":49},"end":{"line":40,"column":61}},"type":"default-arg","locations":[{"start":{"line":40,"column":59},"end":{"line":40,"column":61}}],"line":40},"4":{"loc":{"start":{"line":41,"column":2},"end":{"line":44,"column":3}},"type":"if","locations":[{"start":{"line":41,"column":2},"end":{"line":44,"column":3}},{"start":{},"end":{}}],"line":41},"5":{"loc":{"start":{"line":61,"column":4},"end":{"line":63,"column":5}},"type":"if","locations":[{"start":{"line":61,"column":4},"end":{"line":63,"column":5}},{"start":{},"end":{}}],"line":61},"6":{"loc":{"start":{"line":86,"column":2},"end":{"line":88,"column":3}},"type":"if","locations":[{"start":{"line":86,"column":2},"end":{"line":88,"column":3}},{"start":{},"end":{}}],"line":86},"7":{"loc":{"start":{"line":97,"column":4},"end":{"line":123,"column":5}},"type":"if","locations":[{"start":{"line":97,"column":4},"end":{"line":123,"column":5}},{"start":{},"end":{}}],"line":97},"8":{"loc":{"start":{"line":121,"column":24},"end":{"line":121,"column":62}},"type":"binary-expr","locations":[{"start":{"line":121,"column":24},"end":{"line":121,"column":54}},{"start":{"line":121,"column":58},"end":{"line":121,"column":62}}],"line":121},"9":{"loc":{"start":{"line":141,"column":15},"end":{"line":141,"column":27}},"type":"binary-expr","locations":[{"start":{"line":141,"column":15},"end":{"line":141,"column":19}},{"start":{"line":141,"column":23},"end":{"line":141,"column":27}}],"line":141},"10":{"loc":{"start":{"line":141,"column":29},"end":{"line":141,"column":45}},"type":"binary-expr","locations":[{"start":{"line":141,"column":29},"end":{"line":141,"column":37}},{"start":{"line":141,"column":41},"end":{"line":141,"column":45}}],"line":141},"11":{"loc":{"start":{"line":169,"column":2},"end":{"line":171,"column":3}},"type":"if","locations":[{"start":{"line":169,"column":2},"end":{"line":171,"column":3}},{"start":{},"end":{}}],"line":169},"12":{"loc":{"start":{"line":169,"column":6},"end":{"line":169,"column":28}},"type":"binary-expr","locations":[{"start":{"line":169,"column":6},"end":{"line":169,"column":12}},{"start":{"line":169,"column":16},"end":{"line":169,"column":28}}],"line":169},"13":{"loc":{"start":{"line":177,"column":4},"end":{"line":186,"column":5}},"type":"if","locations":[{"start":{"line":177,"column":4},"end":{"line":186,"column":5}},{"start":{},"end":{}}],"line":177},"14":{"loc":{"start":{"line":177,"column":8},"end":{"line":177,"column":22}},"type":"binary-expr","locations":[{"start":{"line":177,"column":8},"end":{"line":177,"column":13}},{"start":{"line":177,"column":17},"end":{"line":177,"column":22}}],"line":177},"15":{"loc":{"start":{"line":182,"column":6},"end":{"line":184,"column":7}},"type":"if","locations":[{"start":{"line":182,"column":6},"end":{"line":184,"column":7}},{"start":{},"end":{}}],"line":182},"16":{"loc":{"start":{"line":194,"column":4},"end":{"line":196,"column":5}},"type":"if","locations":[{"start":{"line":194,"column":4},"end":{"line":196,"column":5}},{"start":{},"end":{}}],"line":194},"17":{"loc":{"start":{"line":236,"column":18},"end":{"line":236,"column":57}},"type":"binary-expr","locations":[{"start":{"line":236,"column":18},"end":{"line":236,"column":32}},{"start":{"line":236,"column":36},"end":{"line":236,"column":57}}],"line":236},"18":{"loc":{"start":{"line":238,"column":2},"end":{"line":240,"column":3}},"type":"if","locations":[{"start":{"line":238,"column":2},"end":{"line":240,"column":3}},{"start":{},"end":{}}],"line":238},"19":{"loc":{"start":{"line":238,"column":6},"end":{"line":238,"column":31}},"type":"binary-expr","locations":[{"start":{"line":238,"column":6},"end":{"line":238,"column":14}},{"start":{"line":238,"column":18},"end":{"line":238,"column":31}}],"line":238},"20":{"loc":{"start":{"line":245,"column":20},"end":{"line":245,"column":53}},"type":"binary-expr","locations":[{"start":{"line":245,"column":20},"end":{"line":245,"column":43}},{"start":{"line":245,"column":47},"end":{"line":245,"column":53}}],"line":245},"21":{"loc":{"start":{"line":248,"column":53},"end":{"line":248,"column":71}},"type":"binary-expr","locations":[{"start":{"line":248,"column":53},"end":{"line":248,"column":61}},{"start":{"line":248,"column":65},"end":{"line":248,"column":71}}],"line":248},"22":{"loc":{"start":{"line":251,"column":2},"end":{"line":261,"column":3}},"type":"if","locations":[{"start":{"line":251,"column":2},"end":{"line":261,"column":3}},{"start":{},"end":{}}],"line":251},"23":{"loc":{"start":{"line":255,"column":4},"end":{"line":259,"column":5}},"type":"if","locations":[{"start":{"line":255,"column":4},"end":{"line":259,"column":5}},{"start":{"line":257,"column":11},"end":{"line":259,"column":5}}],"line":255},"24":{"loc":{"start":{"line":264,"column":2},"end":{"line":275,"column":3}},"type":"if","locations":[{"start":{"line":264,"column":2},"end":{"line":275,"column":3}},{"start":{},"end":{}}],"line":264},"25":{"loc":{"start":{"line":278,"column":2},"end":{"line":281,"column":3}},"type":"if","locations":[{"start":{"line":278,"column":2},"end":{"line":281,"column":3}},{"start":{},"end":{}}],"line":278},"26":{"loc":{"start":{"line":284,"column":2},"end":{"line":287,"column":3}},"type":"if","locations":[{"start":{"line":284,"column":2},"end":{"line":287,"column":3}},{"start":{},"end":{}}],"line":284},"27":{"loc":{"start":{"line":295,"column":2},"end":{"line":307,"column":3}},"type":"if","locations":[{"start":{"line":295,"column":2},"end":{"line":307,"column":3}},{"start":{},"end":{}}],"line":295},"28":{"loc":{"start":{"line":326,"column":4},"end":{"line":333,"column":5}},"type":"if","locations":[{"start":{"line":326,"column":4},"end":{"line":333,"column":5}},{"start":{},"end":{}}],"line":326},"29":{"loc":{"start":{"line":343,"column":4},"end":{"line":363,"column":5}},"type":"if","locations":[{"start":{"line":343,"column":4},"end":{"line":363,"column":5}},{"start":{},"end":{}}],"line":343},"30":{"loc":{"start":{"line":344,"column":6},"end":{"line":361,"column":7}},"type":"if","locations":[{"start":{"line":344,"column":6},"end":{"line":361,"column":7}},{"start":{"line":349,"column":13},"end":{"line":361,"column":7}}],"line":344},"31":{"loc":{"start":{"line":369,"column":37},"end":{"line":369,"column":53}},"type":"binary-expr","locations":[{"start":{"line":369,"column":37},"end":{"line":369,"column":45}},{"start":{"line":369,"column":49},"end":{"line":369,"column":53}}],"line":369},"32":{"loc":{"start":{"line":402,"column":2},"end":{"line":408,"column":3}},"type":"if","locations":[{"start":{"line":402,"column":2},"end":{"line":408,"column":3}},{"start":{},"end":{}}],"line":402},"33":{"loc":{"start":{"line":433,"column":4},"end":{"line":440,"column":5}},"type":"if","locations":[{"start":{"line":433,"column":4},"end":{"line":440,"column":5}},{"start":{},"end":{}}],"line":433},"34":{"loc":{"start":{"line":448,"column":12},"end":{"line":448,"column":41}},"type":"binary-expr","locations":[{"start":{"line":448,"column":12},"end":{"line":448,"column":22}},{"start":{"line":448,"column":26},"end":{"line":448,"column":41}}],"line":448},"35":{"loc":{"start":{"line":449,"column":18},"end":{"line":449,"column":37}},"type":"binary-expr","locations":[{"start":{"line":449,"column":18},"end":{"line":449,"column":27}},{"start":{"line":449,"column":31},"end":{"line":449,"column":37}}],"line":449},"36":{"loc":{"start":{"line":451,"column":19},"end":{"line":451,"column":67}},"type":"cond-expr","locations":[{"start":{"line":451,"column":46},"end":{"line":451,"column":54}},{"start":{"line":451,"column":57},"end":{"line":451,"column":67}}],"line":451},"37":{"loc":{"start":{"line":469,"column":4},"end":{"line":472,"column":5}},"type":"if","locations":[{"start":{"line":469,"column":4},"end":{"line":472,"column":5}},{"start":{},"end":{}}],"line":469},"38":{"loc":{"start":{"line":502,"column":4},"end":{"line":507,"column":5}},"type":"if","locations":[{"start":{"line":502,"column":4},"end":{"line":507,"column":5}},{"start":{},"end":{}}],"line":502},"39":{"loc":{"start":{"line":502,"column":8},"end":{"line":502,"column":76}},"type":"binary-expr","locations":[{"start":{"line":502,"column":8},"end":{"line":502,"column":35}},{"start":{"line":502,"column":39},"end":{"line":502,"column":76}}],"line":502},"40":{"loc":{"start":{"line":525,"column":4},"end":{"line":574,"column":5}},"type
[...]
"25":{"start":{"line":71,"column":14},"end":{"line":71,"column":48}},"26":{"start":{"line":72,"column":13},"end":{"line":72,"column":44}},"27":{"start":{"line":73,"column":18},"end":{"line":73,"column":54}},"28":{"start":{"line":75,"column":19},"end":{"line":75,"column":66}},"29":{"start":{"line":76,"column":2},"end":{"line":76,"column":31}},"30":{"start":{"line":78,"column":18},"end":{"line":78,"column":63}},"31":{"start":{"line":79,"column":2},"end":{"line":79,"column":38}},"32":{"start":{"line":81,"column":2},"end":{"line":81,"column":19}},"33":{"start":{"line":84,"column":0},"end":{"line":87,"column":2}}},"fnMap":{"0":{"name":"encrypt","decl":{"start":{"line":21,"column":9},"end":{"line":21,"column":16}},"loc":{"start":{"line":21,"column":28},"end":{"line":39,"column":1}},"line":21},"1":{"name":"decrypt","decl":{"start":{"line":47,"column":9},"end":{"line":47,"column":16}},"loc":{"start":{"line":47,"column":32},"end":{"line":82,"column":1}},"line":47}},"branchMap":{"0":{"loc":{"start":{"line":11,"column":0},"end":{"line":13,"column":1}},"type":"if","locations":[{"start":{"line":11,"column":0},"end":{"line":13,"column":1}},{"start":{},"end":{}}],"line":11},"1":{"loc":{"start":{"line":11,"column":4},"end":{"line":11,"column":60}},"type":"binary-expr","locations":[{"start":{"line":11,"column":4},"end":{"line":11,"column":19}},{"start":{"line":11,"column":23},"end":{"line":11,"column":60}}],"line":11},"2":{"loc":{"start":{"line":22,"column":2},"end":{"line":25,"column":3}},"type":"if","locations":[{"start":{"line":22,"column":2},"end":{"line":25,"column":3}},{"start":{},"end":{}}],"line":22},"3":{"loc":{"start":{"line":48,"column":2},"end":{"line":50,"column":3}},"type":"if","locations":[{"start":{"line":48,"column":2},"end":{"line":50,"column":3}},{"start":{},"end":{}}],"line":48},"4":{"loc":{"start":{"line":53,"column":2},"end":{"line":55,"column":3}},"type":"if","locations":[{"start":{"line":53,"column":2},"end":{"line":55,"column":3}},{"start":{},"end":{}}],"line":53},"5":{"loc":{"start":{"line":57,"column":2},"end":{"line":59,"column":3}},"type":"if","locations":[{"start":{"line":57,"column":2},"end":{"line":59,"column":3}},{"start":{},"end":{}}],"line":57},"6":{"loc":{"start":{"line":61,"column":2},"end":{"line":63,"column":3}},"type":"if","locations":[{"start":{"line":61,"column":2},"end":{"line":63,"column":3}},{"start":{},"end":{}}],"line":61},"7":{"loc":{"start":{"line":66,"column":2},"end":{"line":68,"column":3}},"type":"if","locations":[{"start":{"line":66,"column":2},"end":{"line":68,"column":3}},{"start":{},"end":{}}],"line":66}},"s":{"0":0,"1":0,"2":0,"3":0,"4":0,"5":0,"6":0,"7":0,"8":0,"9":0,"10":0,"11":0,"12":0,"13":0,"14":0,"15":0,"16":0,"17":0,"18":0,"19":0,"20":0,"21":0,"22":0,"23":0,"24":0,"25":0,"26":0,"27":0,"28":0,"29":0,"30":0,"31":0,"32":0,"33":0},"f":{"0":0,"1":0},"b":{"0":[0,0],"1":[0,0],"2":[0,0],"3":[0,0],"4":[0,0],"5":[0,0],"6":[0,0],"7":[0,0]}}
,"C:\\Users\\Nightgalem\\clawd\\temp-repo\\lib\\security.js": {"path":"C:\\Users\\Nightgalem\\clawd\\temp-repo\\lib\\security.js","statementMap":{"0":{"start":{"line":6,"column":15},"end":{"line":6,"column":32}},"1":{"start":{"line":17,"column":22},"end":{"line":17,"column":44}},"2":{"start":{"line":18,"column":2},"end":{"line":18,"column":47}},"3":{"start":{"line":34,"column":2},"end":{"line":37,"column":19}},"4":{"start":{"line":49,"column":2},"end":{"line":51,"column":3}},"5":{"start":{"line":50,"column":4},"end":{"line":50,"column":17}},"6":{"start":{"line":54,"column":18},"end":{"line":54,"column":32}},"7":{"start":{"line":55,"column":18},"end":{"line":55,"column":32}},"8":{"start":{"line":57,"column":2},"end":{"line":61,"column":3}},"9":{"start":{"line":59,"column":4},"end":{"line":59,"column":45}},"10":{"start":{"line":60,"column":4},"end":{"line":60,"column":17}},"11":{"start":{"line":63,"column":2},"end":{"line":63,"column":50}},"12":{"start":{"line":78,"column":2},"end":{"line":80,"column":3}},"13":{"start":{"line":79,"column":4},"end":{"line":79,"column":14}},"14":{"start":{"line":83,"column":2},"end":{"line":86,"column":26}},"15":{"start":{"line":96,"column":2},"end":{"line":98,"column":3}},"16":{"start":{"line":97,"column":4},"end":{"line":97,"column":25}},"17":{"start":{"line":101,"column":2},"end":{"line":112,"column":7}},"18":{"start":{"line":110,"column":22},"end":{"line":110,"column":43}},"19":{"start":{"line":111,"column":6},"end":{"line":111,"column":40}},"20":{"start":{"line":132,"column":6},"end":{"line":132,"column":13}},"21":{"start":{"line":130,"column":28},"end":{"line":130,"column":47}},"22":{"start":{"line":135,"column":22},"end":{"line":135,"column":31}},"23":{"start":{"line":137,"column":2},"end":{"line":212,"column":4}},"24":{"start":{"line":144,"column":18},"end":{"line":144,"column":35}},"25":{"start":{"line":145,"column":18},"end":{"line":145,"column":28}},"26":{"start":{"line":147,"column":6},"end":{"line":187,"column":7}},"27":{"start":{"line":149,"column":22},"end":{"line":149,"column":35}},"28":{"start":{"line":150,"column":25},"end":{"line":150,"column":43}},"29":{"start":{"line":152,"column":8},"end":{"line":152,"column":29}},"30":{"start":{"line":153,"column":8},"end":{"line":153,"column":29}},"31":{"start":{"line":155,"column":24},"end":{"line":155,"column":42}},"32":{"start":{"line":156,"column":22},"end":{"line":156,"column":35}},"33":{"start":{"line":157,"column":20},"end":{"line":157,"column":33}},"34":{"start":{"line":159,"column":8},"end":{"line":161,"column":9}},"35":{"start":{"line":160,"column":10},"end":{"line":160,"column":50}},"36":{"start":{"line":163,"column":8},"end":{"line":167,"column":10}},"37":{"start":{"line":170,"column":23},"end":{"line":170,"column":43}},"38":{"start":{"line":172,"column":8},"end":{"line":175,"column":9}},"39":{"start":{"line":173,"column":10},"end":{"line":173,"column":72}},"40":{"start":{"line":174,"column":10},"end":{"line":174,"column":90}},"41":{"start":{"line":177,"column":8},"end":{"line":179,"column":9}},"42":{"start":{"line":178,"column":10},"end":{"line":178,"column":79}},"43":{"start":{"line":181,"column":8},"end":{"line":181,"column":23}},"44":{"start":{"line":182,"column":8},"end":{"line":186,"column":10}},"45":{"start":{"line":194,"column":6},"end":{"line":210,"column":8}},"46":{"start":{"line":195,"column":23},"end":{"line":195,"column":44}},"47":{"start":{"line":197,"column":8},"end":{"line":197,"column":56}},"48":{"start":{"line":198,"column":8},"end":{"line":198,"column":65}},"49":{"start":{"line":199,"column":8},"end":{"line":199,"column":79}},"50":{"start":{"line":201,"column":8},"end":{"line":207,"column":9}},"51":{"start":{"line":202,"column":10},"end":{"line":206,"column":13}},"52":{"start":{"line":209,"column":8},"end":{"line":209,"column":15}},"53":{"start":{"line":226,"column":2},"end":{"line":228,"column":3}},"54":{"start":{"line":227,"column":4},"end":{"line":227,"column":56}},"55":{"start":{"line":230,"column":18},"end":{"line":230,"column":44}},"56":{"start":{"line":233,"column":2},"end":{"line":235,"column":3}},"57":{"start":{"line":234,"column":4},"end":{"line":234,"column":61}},"58":{"start":{"line":238,"column":21},"end":{"line":238,"column":155}},"59":{"start":{"line":239,"column":2},"end":{"line":241,"column":3}},"60":{"start":{"line":240,"column":4},"end":{"line":240,"column":59}},"61":{"start":{"line":244,"column":29},"end":{"line":249,"column":4}},"62":{"start":{"line":251,"column":17},"end":{"line":251,"column":38}},"63":{"start":{"line":252,"column":2},"end":{"line":254,"column":3}},"64":{"start":{"line":253,"column":4},"end":{"line":253,"column":81}},"65":{"start":{"line":256,"column":2},"end":{"line":256,"column":41}},"66":{"start":{"line":266,"column":2},"end":{"line":268,"column":3}},"67":{"start":{"line":267,"column":4},"end":{"line":267,"column":63}},"68":{"start":{"line":271,"column":25},"end":{"line":271,"column":54}},"69":{"start":{"line":272,"column":2},"end":{"line":274,"column":3}},"70":{"start":{"line":273,"column":4},"end":{"line":273,"column":66}},"71":{"start":{"line":276,"column":2},"end":{"line":276,"column":25}},"72":{"start":{"line":287,"column":2},"end":{"line":289,"column":3}},"73":{"start":{"line":288,"column":4},"end":{"line":288,"column":59}},"74":{"start":{"line":292,"column":2},"end":{"line":294,"column":3}},"75":{"start":{"line":293,"column":4},"end":{"line":293,"column":62}},"76":{"start":{"line":297,"column":2},"end":{"line":299,"column":3}},"77":{"start":{"line":298,"column":4},"end":{"line":298,"column":55}},"78":{"start":{"line":301,"column":2},"end":{"line":301,"column":25}},"79":{"start":{"line":315,"column":27},"end":{"line":315,"column":29}},"80":{"start":{"line":317,"column":2},"end":{"line":321,"column":3}},"81":{"start":{"line":318,"column":4},"end":{"line":320,"column":14}},"82":{"start":{"line":323,"column":19},"end":{"line":327,"column":3}},"83":{"start":{"line":330,"column":2},"end":{"line":330,"column":62}},"84":{"start":{"line":337,"column":0},"end":{"line":357,"column":2}}},"fnMap":{"0":{"name":"generateApiKey","decl":{"start":{"line":16,"column":9},"end":{"line":16,"column":23}},"loc":{"start":{"line":16,"column":26},"end":{"line":19,"column":1}},"line":16},"1":{"name":"hashApiKey","decl":{"start":{"line":33,"column":9},"end":{"line":33,"column":19}},"loc":{"start":{"line":33,"column":28},"end":{"line":38,"column":1}},"line":33},"2":{"name":"timingSafeEqual","decl":{"start":{"line":48,"column":9},"end":{"line":48,"column":24}},"loc":{"start":{"line":48,"column":31},"end":{"line":64,"column":1}},"line":48},"3":{"name":"escapeLikePattern","decl":{"start":{"line":77,"column":9},"end":{"line":77,"column":26}},"loc":{"start":{"line":77,"column":34},"end":{"line":87,"column":1}},"line":77},"4":{"name":"sanitizeForLogging","decl":{"start":{"line":95,"column":9},"end":{"line":95,"column":27}},"loc":{"start":{"line":95,"column":35},"end":{"line":113,"column":1}},"line":95},"5":{"name":"(anonymous_5)","decl":{"start":{"line":109,"column":69},"end":{"line":109,"column":70}},"loc":{"start":{"line":109,"column":83},"end":{"line":112,"column":5}},"line":109},"6":{"name":"createRateLimiter","decl":{"start":{"line":126,"column":9},"end":{"line":126,"column":26}},"loc":{"start":{"line":126,"column":41},"end":{"line":213,"column":1}},"line":126},"7":{"name":"(anonymous_7)","decl":{"start":{"line":130,"column":19},"end":{"line":130,"column":20}},"loc":{"start":{"line":130,"column":28},"end":{"line":130,"column":47}},"line":130},"8":{"name":"(anonymous_8)","decl":{"start":{"line":143,"column":4},"end":{"line":143,"column":5}},"loc":{"start":{"line":143,"column":21},"end":{"line":188,"column":5}},"line":143},"9":{"name":"(anonymous_9)","decl":{"start":{"line":193,"column":4},"end":{"line":193,"column":5}},"loc":{"start":{"line":193,"column":17},"end":{"line":211,"column":5}},"line":193},"10":{"name":"(anonymous_10)","decl":{"start":{"line":194,"column":13},"end":{"line":194,"column":14}},"loc":{"start":{"line":194,"column":39},"end":{"line":210,"column":7}},"line":194},"11":{"name":"validateEmail","decl":{"start":{"line":225,"column":9},"end":{"line":225,"column":22}},"loc":{"start":{"line":225,"column":30},"end":{"line":257,"column":1}},"line":225},"12":{"name":"validateWorkspaceId","decl":{"start":{"line":265,"column":9},"end":{"line":265,"column":28}},"loc":{"start":{"line":265,"column":42},"end":{"line":277,"column":1}},"line":265},"13":{"name":"validatePriceId","decl":{"start":{"line":286,"column":9},"end":{"line":286,"column":24}},"loc":{"start":{"line":286,"column":49},"end":{"line":302,"column":1}},"line":286},"14":{"name":"logSecurityEvent","decl":{"start":{"line":314,"column":9},"end":{"line":314,"column":25}},"loc":{"start":{"line":314,"column":47},"end":{"line":331,"column":1}},"line":314}},"branchMap":{"0":{"loc":{"start":{"line":49,"column":2},"end":{"line":51,"column":3}},"type":"if","locations":[{"start":{"line":49,"column":2},"end":{"line":51,"column":3}},{"start":{},"end":{}}],"line":49},"1":{"loc":{"start":{"line":49,"column":6},"end":{"line":49,"column":52}},"type":"binary-expr","locations":[{"start":{"line":49,"column":6},"end":{"line":49,"column":27}},{"start":{"line":49,"column":31},"end":{"line":49,"column":52}}],"line":49},"2":{"loc":{"start":{"line":57,"column":2},"end":{"line":61,"column":3}},"type":"if","locations":[{"start":{"line":57,"column":2},"end":{"line":61,"column":3}},{"start":{},"end":{}}],"line":57},"3":{"loc":{"start":{"line":78,"column":2},"end":{"line":80,"column":3}},"type":"if","locations":[{"start":{"line":78,"column":2},"end":{"line":80,"column":3}},{"start":{},"end":{}}],"line":78},"4":{"loc":{"start":{"line":96,"column":2},"end":{"line":98,"column":3}},"type":"if","locations":[{"start":{"line":96,"column":2},"end":{"line":98,"column":3}},{"start":{},"end":{}}],"line":96},"5":{"loc":{"start":{"line":126,"column":27},"end":{"line":126,"column":39}},"type":"default-arg","locations":[{"start":{"line":126,"column":37},"end":{"line":126,"column":39}}],"line":126},"6":{"loc":{"start":{"line":128,"column":4},"end":{"line":128,"column":24}},"type":"default-arg","locations":[{"start":{"line":128,"column":15},"end":{"line":128,"column":24}}],"line":128},"7":{"loc":{"start":{"line":129,"column":4},"end":{"line":129,"column":21}},"type":"default-arg","locations":[{"start":{"line":129,"column":18},"end":{"line":129,"column":21}}],"line":129},"8":{"loc":{"start":{"line":130,"column":4},"end":{"line":130,"column":47}},"type":"default-arg","locations":[{"start":{"line":130,"column":19},"end":{"line":130,"column":47}}],"line":130},"9":{"loc":{"start":{"line":130,"column":28},"end":{"line":130,"column":47}},"type":"binary-expr","locations":[{"start":{"line":130,"column":28},"end":{"line":130,"column":34}},{"start":{"line":130,"column":38},"end":{"line":130,"column":47}}],"line":130},"10":{"loc":{"start":{"line":131,"column":4},"end":{"line":131,"column":16}},"type":"default-arg","locations":[{"start":{"line":131,"column":12},"end":{"line":131,"column":16}}],"line":131},"11":{"loc":{"start":{"line":147,"column":6},"end":{"line":187,"column":7}},"type":"if","locations":[{"start":{"line":147,"column":6},"end":{"line":187,"column":7}},{"start":{"line":168,"column":13},"end":{"line":187,"column":7}}],"line":147},"12":{"loc":{"start":{"line":159,"column":8},"end":{"line":161,"column":9}},"type":"if","locations":[{"start":{"line":159,"column":8},"end":{"line":161,"column":9}},{"start":{},"end":{}}],"line":159},"13":{"loc":{"start":{"line":166,"column":28},"end":{"line":166,"column":52}},"type":"cond-expr","locations":[{"start":{"line":166,"column":38},"end":{"line":166,"column":41}},{"start":{"line":166,"column":44},"end":{"line":166,"column":52}}],"line":166},"14":{"loc":{"start":{"line":172,"column":8},"end":{"line":175,"column":9}},"type":"if","locations":[{"start":{"line":172,"column":8},"end":{"line":175,"column":9}},{"start":{},"end":{}}],"line":172},"15":{"loc":{"start":{"line":172,"column":12},"end":{"line":172,"column":45}},"type":"binary-expr","locations":[{"start":{"line":172,"column":12},"end":{"line":172,"column":19}},{"start":{"line":172,"column":23},"end":{"line":172,"column":45}}],"line":172},"16":{"loc":{"start":{"line":177,"column":8},"end":{"line":179,"column":9}},"type":"if","locations":[{"start":{"line":177,"column":8},"end":{"line":179,"column":9}},{"start":{},"end":{}}],"line":177},"17":{"loc":{"start":{"line":201,"column":8},"end":{"line":207,"column":9}},"type":"if","locations":[{"start":{"line":201,"column":8},"end":{"line":207,"column":9}},{"start":{},"end":{}}],"line":201},"18":{"loc":{"start":{"line":226,"column":2},"end":{"line":228,"column":3}},"type":"if","locations":[{"start":{"line":226,"column":2},"end":{"line":228,"column":3}},{"start":{},"end":{}}],"line":226},"19":{"loc":{"start":{"line":226,"column":6},"end":{"line":226,"column":41}},"type":"binary-expr","locations":[{"start":{"line":226,"column":6},"end":{"line":226,"column":12}},{"start":{"line":226,"column":16},"end":{"line":226,"column":41}}],"line":226},"20":{"loc":{"start":{"line":233,"column":2},"end":{"line":235,"column":3}},"type":"if","locations":[{"start":{"line":233,"column":2},"end":{"line":235,"column":3}},{"start":{},"end":{}}],"line":233},"21":{"loc":{"start":{"line":239,"column":2},"end":{"line":241,"column":3}},"type":"if","locations":[{"start":{"line":239,"column":2},"end":{"line":241,"column":3}},{"start":{},"end":{}}],"line":239},"22":{"loc":{"start":{"line":252,"column":2},"end":{"line":254,"column":3}},"type":"if","locations":[{"start":{"line":252,"column":2},"end":{"line":254,"column":3}},{"start":{},"end":{}}],"line":252},"23":{"loc":{"start":{"line":266,"column":2},"end":{"line":268,"column":3}},"type":"if","locations":[{"start":{"line":266,"column":2},"end":{"line":268,"column":3}},{"start":{},"end":{}}],"line":266},"24":{"loc":{"start":{"line":266,"column":6},"end":{"line":266,"column":53}},"type":"binary-expr","locations":[{"start":{"line":266,"column":6},"end":{"line":266,"column":18}},{"start":{"line":266,"column":22},"end":{"line":266,"column":53}}],"line":266},"25":{"loc":{"start":{"line":272,"column":2},"end":{"line":274,"column":3}},"type":"if","locations":[{"start":{"line":272,"column":2},"end":{"line":274,"column":3}},{"start":{},"end":{}}],"line":272},"26":{"loc":{"start":{"line":287,"column":2},"end":{"line":289,"column":3}},"type":"if","locations":[{"start":{"line":287,"column":2},"end":{"line":289,"column":3}},{"start":{},"end":{}}],"line":287},"27":{"loc":{"start":{"line":287,"column":6},"end":{"line":287,"column":45}},"type":"binary-expr","locations":[{"start":{"line":287,"column":6},"end":{"line":287,"column":14}},{"start":{"line":287,"column":18},"end":{"line":287,"column":45}}],"line":287},"28":{"loc":{"start":{"line":292,"column":2},"end":{"line":294,"column":3}},"type":"if","locations":[{"start":{"line":292,"column":2},"end":{"line":294,"column":3}},{"start":{},"end":{}}],"line":292},"29":{"loc":{"start":{"line":292,"column":6},"end":{"line":292,"column":59}},"type":"binary-expr","locations":[{"start":{"line":292,"column":6},"end":{"line":292,"column":35}},{"start":{"line":292,"column":39},"end":{"line":292,"column":59}}],"line":292},"30":{"loc":{"start":{"line":297,"column":2},"end":{"line":299,"column":3}},"type":"if","locations":[{"start":{"line":297,"column":2},"end":{"line":299,"column":3}},{"start":{},"end":{}}],"line":297},"31":{"loc":{"start":{"line":314,"column":33},"end":{"line":314,"column":45}},"type":"default-arg","locations":[{"start":{"line":314,"column":43},"end":{"line":314,"column":45}}],"line":314},"32":{"loc":{"start":{"line":318,"column":28},"end":{"line":320,"column":13}},"type":"cond-expr","locations":[{"start":{"line":319,"column":8},"end":{"line":319,"column":33}},{"start":{"line":320,"column":8},"end":{"line":320,"column":13}}],"line":318}},"s":{"0":1,"1":102,"2":102,"3":5,"4":8,"5":3,"6":5,"7":5,"8":5,"9":2,"10":2,"11":3,"12":9,"13":3,"14":6,"15":7,"16":2,"17":5,"18":1,"19":1,"20":4,"21":17,"22":4,"23":4,"24":17,"25":17,"26":17,"27":0,"28":0,"29":0,"30":0,"31":0,"32":0,"33":0,"34":0,"35":0,"36":0,"37":17,"38":17,"39":6,"40":6,"41":11,"42":4,"43":7,"44":7,"45":0,"46":0,"47":0,"48":0,"49":0,"50":0,"51":0,"52":0,"53":18,"54":3,"55":15,"56":15,"57":1,"58":14,"59":14,"60":4,"61":10,"62":10,"63":10,"64":5,"65":5,"66":14,"67":3,"68":11,"69":11,"70":8,"71":3,"72":6,"73":2,"74":4,"75":2,"76":2,"77":1,"78":1,"79":0,"80":0,"81":0,"82":0,"83":0,"84":1},"f":{"0":102,"1":5,"2":8,"3":9,"4":7,"5":1,"6":4,"7":17,"8":17,"9":0,"10":0,"11":18,"12":14,"13":6,"14":0},"b":{"0":[3,5],"1":[8,5],"2":[2,3],"3":[3,6],"4":[2,5],"5":[0],"6":[0],"7":[0],"8":[4],"9":[17,0],"10":[4],"11":[0,17],"12":[0,0],"13":[0,0],"14":[6,11],"15":[17,12],"16":[4,7],"17":[0,0],"18":[3,15],"19":[18,15],"20":[1,14],"21":[4,10],"22":[5,5],"23":[3,11],"24":[14,11],"25":[8,3],"26":[2,4],"27":[6,4],"28":[2,2],"29":[4,3],"30":[1,1],"31":[0],"32":[0,0]},"_coverageSchema":"1a1c01bbd47fc00a2c39e90264f33305004495a9","hash":"99dd13b460fafd52795c5fba067fadffbb4d90d3"}
}
