TN:
SF:email.js
FN:16,sendWelcomeEmail
FN:150,sendPaymentFailedEmail
FN:248,sendCancellationEmail
FNF:3
FNH:3
FNDA:8,sendWelcomeEmail
FNDA:6,sendPaymentFailedEmail
FNDA:3,sendCancellationEmail
DA:9,1
DA:10,1
DA:11,1
DA:17,8
DA:19,8
DA:21,8
DA:91,8
DA:112,8
DA:113,8
DA:115,8
DA:130,7
DA:131,1
DA:132,1
DA:135,6
DA:138,0
DA:139,0
DA:142,2
DA:151,6
DA:153,6
DA:157,6
DA:216,6
DA:217,6
DA:218,6
DA:232,6
DA:233,0
DA:236,6
DA:238,0
DA:241,0
DA:249,3
DA:251,3
DA:253,3
DA:299,3
DA:300,3
DA:301,3
DA:315,3
DA:317,0
DA:320,0
DA:324,1
LF:38
LH:31
BRDA:10,0,0,1
BRDA:10,0,1,1
BRDA:11,1,0,1
BRDA:11,1,1,1
BRDA:113,2,0,8
BRDA:113,2,1,0
BRDA:130,3,0,1
BRDA:130,3,1,6
BRDA:153,4,0,2
BRDA:153,4,1,4
BRDA:184,5,0,2
BRDA:184,5,1,4
BRDA:217,6,0,6
BRDA:217,6,1,0
BRDA:232,7,0,0
BRDA:232,7,1,6
BRDA:300,8,0,3
BRDA:300,8,1,0
BRF:18
BRH:14
end_of_record
TN:
SF:index.js
FN:26,(anonymous_0)
FN:33,(anonymous_1)
FN:62,(anonymous_2)
FN:129,(anonymous_3)
FN:139,(anonymous_4)
FN:149,(anonymous_5)
FN:197,handleCheckoutCompleted
FN:237,handleSubscriptionChange
FN:253,handleSubscriptionCancelled
FN:268,handlePaymentFailed
FN:300,provisionCustomer
FN:341,sendWelcomeEmail
FN:357,initDatabase
FN:563,(anonymous_13)
FNF:14
FNH:0
FNDA:0,(anonymous_0)
FNDA:0,(anonymous_1)
FNDA:0,(anonymous_2)
FNDA:0,(anonymous_3)
FNDA:0,(anonymous_4)
FNDA:0,(anonymous_5)
FNDA:0,handleCheckoutCompleted
FNDA:0,handleSubscriptionChange
FNDA:0,handleSubscriptionCancelled
FNDA:0,handlePaymentFailed
FNDA:0,provisionCustomer
FNDA:0,sendWelcomeEmail
FNDA:0,initDatabase
FNDA:0,(anonymous_13)
DA:1,0
DA:2,0
DA:3,0
DA:6,0
DA:12,0
DA:26,0
DA:27,0
DA:28,0
DA:29,0
DA:30,0
DA:33,0
DA:34,0
DA:35,0
DA:36,0
DA:39,0
DA:40,0
DA:41,0
DA:44,0
DA:56,0
DA:62,0
DA:63,0
DA:64,0
DA:68,0
DA:69,0
DA:71,0
DA:72,0
DA:75,0
DA:78,0
DA:79,0
DA:81,0
DA:82,0
DA:86,0
DA:87,0
DA:90,0
DA:91,0
DA:94,0
DA:95,0
DA:98,0
DA:99,0
DA:100,0
DA:103,0
DA:106,0
DA:107,0
DA:110,0
DA:114,0
DA:117,0
DA:118,0
DA:121,0
DA:122,0
DA:125,0
DA:126,0
DA:129,0
DA:130,0
DA:139,0
DA:140,0
DA:141,0
DA:142,0
DA:144,0
DA:149,0
DA:150,0
DA:152,0
DA:153,0
DA:156,0
DA:158,0
DA:159,0
DA:162,0
DA:168,0
DA:169,0
DA:172,0
DA:174,0
DA:175,0
DA:185,0
DA:188,0
DA:189,0
DA:198,0
DA:200,0
DA:201,0
DA:202,0
DA:205,0
DA:210,0
DA:211,0
DA:212,0
DA:216,0
DA:217,0
DA:220,0
DA:228,0
DA:231,0
DA:234,0
DA:238,0
DA:240,0
DA:241,0
DA:242,0
DA:244,0
DA:250,0
DA:254,0
DA:256,0
DA:258,0
DA:265,0
DA:269,0
DA:271,0
DA:274,0
DA:279,0
DA:280,0
DA:281,0
DA:283,0
DA:286,0
DA:287,0
DA:291,0
DA:302,0
DA:304,0
DA:305,0
DA:308,0
DA:325,0
DA:326,0
DA:328,0
DA:331,0
DA:337,0
DA:342,0
DA:344,0
DA:345,0
DA:346,0
DA:348,0
DA:358,0
DA:360,0
DA:380,0
DA:390,0
DA:404,0
DA:416,0
DA:430,0
DA:445,0
DA:455,0
DA:468,0
DA:481,0
DA:494,0
DA:507,0
DA:518,0
DA:522,0
DA:527,0
DA:533,0
DA:538,0
DA:543,0
DA:548,0
DA:553,0
DA:555,0
DA:563,0
DA:564,0
DA:565,0
DA:566,0
LF:148
LH:0
BRDA:27,0,0,0
BRDA:27,0,1,0
BRDA:34,1,0,0
BRDA:34,1,1,0
BRDA:41,2,0,0
BRDA:41,2,1,0
BRDA:79,3,0,0
BRDA:79,3,1,0
BRDA:79,3,2,0
BRDA:79,3,3,0
BRDA:79,3,4,0
BRDA:79,3,5,0
BRDA:79,3,6,0
BRDA:152,4,0,0
BRDA:152,4,1,0
BRDA:168,5,0,0
BRDA:168,5,1,0
BRDA:174,6,0,0
BRDA:174,6,1,0
BRDA:174,7,0,0
BRDA:174,7,1,0
BRDA:210,8,0,0
BRDA:210,8,1,0
BRDA:210,9,0,0
BRDA:210,9,1,0
BRDA:279,10,0,0
BRDA:279,10,1,0
BRDA:281,11,0,0
BRDA:281,11,1,0
BRDA:286,12,0,0
BRDA:286,12,1,0
BRF:31
BRH:0
end_of_record
TN:
SF:plans.js
FN:55,getPlan
FN:64,getPlanLimits
FN:65,(anonymous_2)
FN:81,hasFeature
FN:82,(anonymous_4)
FN:91,getAllPriceIds
FN:100,isValidPriceId
FNF:7
FNH:7
FNDA:7,getPlan
FNDA:8,getPlanLimits
FNDA:18,(anonymous_2)
FNDA:16,hasFeature
FNDA:37,(anonymous_4)
FNDA:6,getAllPriceIds
FNDA:9,isValidPriceId
DA:9,1
DA:48,1
DA:56,7
DA:65,18
DA:66,8
DA:82,37
DA:83,16
DA:84,14
DA:92,6
DA:101,9
DA:104,1
LF:11
LH:11
BRDA:56,0,0,7
BRDA:56,0,1,3
BRDA:66,1,0,6
BRDA:66,1,1,2
BRDA:83,2,0,2
BRDA:83,2,1,14
BRDA:84,3,0,14
BRDA:84,3,1,7
BRF:8
BRH:8
end_of_record
TN:
SF:setup-stripe-products.js
FN:10,setupProducts
FN:90,(anonymous_1)
FNF:2
FNH:0
FNDA:0,setupProducts
FNDA:0,(anonymous_1)
DA:8,0
DA:11,0
DA:14,0
DA:23,0
DA:25,0
DA:34,0
DA:36,0
DA:45,0
DA:48,0
DA:57,0
DA:59,0
DA:68,0
DA:70,0
DA:79,0
DA:82,0
DA:83,0
DA:84,0
DA:85,0
DA:87,0
DA:90,0
DA:91,0
DA:92,0
LF:22
LH:0
BRF:0
BRH:0
end_of_record
TN:
SF:test-provisioning.js
FN:15,runProvisioningTest
FN:145,cleanupTestInstance
FN:168,(anonymous_2)
FN:171,(anonymous_3)
FNF:4
FNH:0
FNDA:0,runProvisioningTest
FNDA:0,cleanupTestInstance
FNDA:0,(anonymous_2)
FNDA:0,(anonymous_3)
DA:6,0
DA:7,0
DA:9,0
DA:16,0
DA:17,0
DA:18,0
DA:19,0
DA:20,0
DA:21,0
DA:23,0
DA:24,0
DA:26,0
DA:28,0
DA:29,0
DA:31,0
DA:37,0
DA:38,0
DA:41,0
DA:42,0
DA:43,0
DA:44,0
DA:45,0
DA:46,0
DA:47,0
DA:50,0
DA:51,0
DA:53,0
DA:54,0
DA:58,0
DA:59,0
DA:60,0
DA:61,0
DA:63,0
DA:65,0
DA:66,0
DA:67,0
DA:71,0
DA:73,0
DA:74,0
DA:88,0
DA:89,0
DA:90,0
DA:93,0
DA:94,0
DA:98,0
DA:99,0
DA:100,0
DA:101,0
DA:102,0
DA:103,0
DA:104,0
DA:105,0
DA:106,0
DA:107,0
DA:110,0
DA:111,0
DA:112,0
DA:113,0
DA:114,0
DA:115,0
DA:116,0
DA:117,0
DA:118,0
DA:119,0
DA:120,0
DA:121,0
DA:122,0
DA:126,0
DA:127,0
DA:128,0
DA:129,0
DA:130,0
DA:131,0
DA:132,0
DA:133,0
DA:134,0
DA:135,0
DA:136,0
DA:137,0
DA:138,0
DA:139,0
DA:142,0
DA:146,0
DA:151,0
DA:152,0
DA:153,0
DA:154,0
DA:155,0
DA:156,0
DA:157,0
DA:161,0
DA:162,0
DA:164,0
DA:165,0
DA:167,0
DA:169,0
DA:172,0
DA:173,0
DA:178,0
LF:99
LH:0
BRDA:126,0,0,0
BRDA:126,0,1,0
BRDA:161,1,0,0
BRDA:161,1,1,0
BRDA:164,2,0,0
BRDA:164,2,1,0
BRDA:164,3,0,0
BRDA:164,3,1,0
BRDA:169,4,0,0
BRDA:169,4,1,0
BRF:10
BRH:0
end_of_record
TN:
SF:api\ally-bot.js
FN:22,(anonymous_0)
FN:46,handleMessage
FN:86,handleLinkCode
FN:128,processMessage
FN:138,(anonymous_4)
FN:193,getUserByTelegramId
FN:204,getConversationHistory
FN:218,storeMessage
FN:228,sendWelcome
FN:242,sendTelegram
FN:259,sendLongMessage
FN:289,sendTyping
FN:303,handleCallback
FN:315,(anonymous_13)
FNF:14
FNH:0
FNDA:0,(anonymous_0)
FNDA:0,handleMessage
FNDA:0,handleLinkCode
FNDA:0,processMessage
FNDA:0,(anonymous_4)
FNDA:0,getUserByTelegramId
FNDA:0,getConversationHistory
FNDA:0,storeMessage
FNDA:0,sendWelcome
FNDA:0,sendTelegram
FNDA:0,sendLongMessage
FNDA:0,sendTyping
FNDA:0,handleCallback
FNDA:0,(anonymous_13)
DA:6,0
DA:7,0
DA:8,0
DA:10,0
DA:15,0
DA:16,0
DA:17,0
DA:22,0
DA:23,0
DA:24,0
DA:27,0
DA:28,0
DA:32,0
DA:33,0
DA:36,0
DA:38,0
DA:39,0
DA:47,0
DA:48,0
DA:49,0
DA:50,0
DA:52,0
DA:55,0
DA:56,0
DA:57,0
DA:58,0
DA:59,0
DA:61,0
DA:62,0
DA:66,0
DA:68,0
DA:70,0
DA:76,0
DA:80,0
DA:87,0
DA:89,0
DA:94,0
DA:95,0
DA:99,0
DA:103,0
DA:108,0
DA:118,0
DA:120,0
DA:121,0
DA:130,0
DA:132,0
DA:134,0
DA:137,0
DA:138,0
DA:146,0
DA:167,0
DA:168,0
DA:169,0
DA:170,0
DA:171,0
DA:174,0
DA:175,0
DA:178,0
DA:179,0
DA:182,0
DA:185,0
DA:186,0
DA:194,0
DA:198,0
DA:205,0
DA:212,0
DA:219,0
DA:229,0
DA:243,0
DA:253,0
DA:260,0
DA:262,0
DA:263,0
DA:264,0
DA:268,0
DA:269,0
DA:271,0
DA:272,0
DA:273,0
DA:274,0
DA:276,0
DA:279,0
DA:281,0
DA:282,0
DA:290,0
DA:305,0
DA:315,0
DA:316,0
DA:318,0
DA:324,0
DA:325,0
DA:328,0
LF:92
LH:0
BRDA:27,0,0,0
BRDA:27,0,1,0
BRDA:32,1,0,0
BRDA:32,1,1,0
BRDA:49,2,0,0
BRDA:49,2,1,0
BRDA:50,3,0,0
BRDA:50,3,1,0
BRDA:55,4,0,0
BRDA:55,4,1,0
BRDA:57,5,0,0
BRDA:57,5,1,0
BRDA:57,6,0,0
BRDA:57,6,1,0
BRDA:68,7,0,0
BRDA:68,7,1,0
BRDA:94,8,0,0
BRDA:94,8,1,0
BRDA:154,9,0,0
BRDA:154,9,1,0
BRDA:159,10,0,0
BRDA:159,10,1,0
BRDA:167,11,0,0
BRDA:167,11,1,0
BRDA:175,12,0,0
BRDA:175,12,1,0
BRDA:198,13,0,0
BRDA:198,13,1,0
BRDA:204,14,0,0
BRDA:242,15,0,0
BRDA:262,16,0,0
BRDA:262,16,1,0
BRDA:272,17,0,0
BRDA:272,17,1,0
BRDA:273,18,0,0
BRDA:273,18,1,0
BRDA:276,19,0,0
BRDA:276,19,1,0
BRDA:279,20,0,0
BRDA:279,20,1,0
BRDA:316,21,0,0
BRDA:316,21,1,0
BRF:42
BRH:0
end_of_record
TN:
SF:api\ally.js
FN:40,sendTelegramMessage
FN:74,generateLinkCode
FN:83,(anonymous_2)
FN:166,(anonymous_3)
FN:220,(anonymous_4)
FN:227,(anonymous_5)
FN:235,processAllyUpdate
FN:318,handleLinkCode
FN:395,handleStart
FN:423,handleStatus
FN:462,handleUnlink
FN:494,handleUserMessage
FN:536,(anonymous_12)
FN:553,(anonymous_13)
FN:606,(anonymous_14)
FN:649,(anonymous_15)
FNF:16
FNH:0
FNDA:0,sendTelegramMessage
FNDA:0,generateLinkCode
FNDA:0,(anonymous_2)
FNDA:0,(anonymous_3)
FNDA:0,(anonymous_4)
FNDA:0,(anonymous_5)
FNDA:0,processAllyUpdate
FNDA:0,handleLinkCode
FNDA:0,handleStart
FNDA:0,handleStatus
FNDA:0,handleUnlink
FNDA:0,handleUserMessage
FNDA:0,(anonymous_12)
FNDA:0,(anonymous_13)
FNDA:0,(anonymous_14)
FNDA:0,(anonymous_15)
DA:19,0
DA:20,0
DA:21,0
DA:22,0
DA:25,0
DA:33,0
DA:34,0
DA:35,0
DA:41,0
DA:42,0
DA:43,0
DA:46,0
DA:48,0
DA:49,0
DA:60,0
DA:61,0
DA:62,0
DA:64,0
DA:66,0
DA:67,0
DA:76,0
DA:83,0
DA:84,0
DA:86,0
DA:87,0
DA:90,0
DA:92,0
DA:97,0
DA:98,0
DA:101,0
DA:106,0
DA:109,0
DA:114,0
DA:126,0
DA:127,0
DA:128,0
DA:131,0
DA:137,0
DA:143,0
DA:145,0
DA:147,0
DA:157,0
DA:158,0
DA:166,0
DA:167,0
DA:169,0
DA:170,0
DA:173,0
DA:174,0
DA:177,0
DA:178,0
DA:182,0
DA:183,0
DA:185,0
DA:189,0
DA:194,0
DA:195,0
DA:198,0
DA:199,0
DA:211,0
DA:212,0
DA:220,0
DA:221,0
DA:224,0
DA:227,0
DA:228,0
DA:236,0
DA:238,0
DA:239,0
DA:242,0
DA:243,0
DA:244,0
DA:245,0
DA:246,0
DA:248,0
DA:251,0
DA:252,0
DA:253,0
DA:255,0
DA:256,0
DA:258,0
DA:260,0
DA:264,0
DA:265,0
DA:274,0
DA:278,0
DA:279,0
DA:280,0
DA:284,0
DA:285,0
DA:286,0
DA:290,0
DA:295,0
DA:297,0
DA:306,0
DA:309,0
DA:312,0
DA:319,0
DA:321,0
DA:326,0
DA:327,0
DA:332,0
DA:335,0
DA:338,0
DA:343,0
DA:344,0
DA:345,0
DA:351,0
DA:357,0
DA:362,0
DA:366,0
DA:371,0
DA:373,0
DA:385,0
DA:386,0
DA:397,0
DA:402,0
DA:403,0
DA:407,0
DA:410,0
DA:424,0
DA:425,0
DA:433,0
DA:434,0
DA:439,0
DA:442,0
DA:443,0
DA:445,0
DA:454,0
DA:455,0
DA:463,0
DA:464,0
DA:469,0
DA:470,0
DA:471,0
DA:474,0
DA:479,0
DA:481,0
DA:486,0
DA:487,0
DA:495,0
DA:497,0
DA:502,0
DA:503,0
DA:506,0
DA:510,0
DA:516,0
DA:525,0
DA:526,0
DA:527,0
DA:530,0
DA:536,0
DA:542,0
DA:543,0
DA:544,0
DA:551,0
DA:552,0
DA:553,0
DA:559,0
DA:571,0
DA:573,0
DA:577,0
DA:583,0
DA:584,0
DA:592,0
DA:595,0
DA:596,0
DA:606,0
DA:607,0
DA:610,0
DA:611,0
DA:614,0
DA:615,0
DA:618,0
DA:619,0
DA:621,0
DA:622,0
DA:632,0
DA:634,0
DA:635,0
DA:636,0
DA:638,0
DA:641,0
DA:649,0
DA:650,0
DA:651,0
DA:654,0
DA:655,0
DA:656,0
DA:657,0
DA:659,0
DA:663,0
LF:192
LH:0
BRDA:27,0,0,0
BRDA:27,0,1,0
BRDA:33,1,0,0
BRDA:33,1,1,0
BRDA:35,2,0,0
BRDA:35,2,1,0
BRDA:40,3,0,0
BRDA:41,4,0,0
BRDA:41,4,1,0
BRDA:61,5,0,0
BRDA:61,5,1,0
BRDA:86,6,0,0
BRDA:86,6,1,0
BRDA:97,7,0,0
BRDA:97,7,1,0
BRDA:121,8,0,0
BRDA:121,8,1,0
BRDA:141,9,0,0
BRDA:141,9,1,0
BRDA:141,10,0,0
BRDA:141,10,1,0
BRDA:169,11,0,0
BRDA:169,11,1,0
BRDA:169,12,0,0
BRDA:169,12,1,0
BRDA:177,13,0,0
BRDA:177,13,1,0
BRDA:177,14,0,0
BRDA:177,14,1,0
BRDA:182,15,0,0
BRDA:182,15,1,0
BRDA:194,16,0,0
BRDA:194,16,1,0
BRDA:236,17,0,0
BRDA:236,17,1,0
BRDA:238,18,0,0
BRDA:238,18,1,0
BRDA:238,19,0,0
BRDA:238,19,1,0
BRDA:245,20,0,0
BRDA:245,20,1,0
BRDA:248,21,0,0
BRDA:248,21,1,0
BRDA:251,22,0,0
BRDA:251,22,1,0
BRDA:255,23,0,0
BRDA:255,23,1,0
BRDA:264,24,0,0
BRDA:264,24,1,0
BRDA:278,25,0,0
BRDA:278,25,1,0
BRDA:284,26,0,0
BRDA:284,26,1,0
BRDA:295,27,0,0
BRDA:295,27,1,0
BRDA:326,28,0,0
BRDA:326,28,1,0
BRDA:343,29,0,0
BRDA:343,29,1,0
BRDA:344,30,0,0
BRDA:344,30,1,0
BRDA:369,31,0,0
BRDA:369,31,1,0
BRDA:402,32,0,0
BRDA:402,32,1,0
BRDA:433,33,0,0
BRDA:433,33,1,0
BRDA:448,34,0,0
BRDA:448,34,1,0
BRDA:449,35,0,0
BRDA:449,35,1,0
BRDA:451,36,0,0
BRDA:451,36,1,0
BRDA:469,37,0,0
BRDA:469,37,1,0
BRDA:502,38,0,0
BRDA:502,38,1,0
BRDA:502,39,0,0
BRDA:502,39,1,0
BRDA:525,40,0,0
BRDA:525,40,1,0
BRDA:551,41,0,0
BRDA:551,41,1,0
BRDA:610,42,0,0
BRDA:610,42,1,0
BRDA:614,43,0,0
BRDA:614,43,1,0
BRDA:618,44,0,0
BRDA:618,44,1,0
BRDA:634,45,0,0
BRDA:634,45,1,0
BRDA:650,46,0,0
BRDA:650,46,1,0
BRF:93
BRH:0
end_of_record
TN:
SF:api\chat-handler.js
FN:23,getWorkspaceContext
FN:55,(anonymous_1)
FN:74,buildSystemPrompt
FN:90,(anonymous_3)
FN:108,getPlanLimits
FN:129,chat
FN:151,(anonymous_6)
FN:186,saveToMemory
FN:210,fileExists
FNF:9
FNH:0
FNDA:0,getWorkspaceContext
FNDA:0,(anonymous_1)
FNDA:0,buildSystemPrompt
FNDA:0,(anonymous_3)
FNDA:0,getPlanLimits
FNDA:0,chat
FNDA:0,(anonymous_6)
FNDA:0,saveToMemory
FNDA:0,fileExists
DA:6,0
DA:7,0
DA:8,0
DA:9,0
DA:12,0
DA:16,0
DA:24,0
DA:31,0
DA:33,0
DA:34,0
DA:35,0
DA:39,0
DA:40,0
DA:41,0
DA:45,0
DA:46,0
DA:47,0
DA:51,0
DA:52,0
DA:53,0
DA:54,0
DA:55,0
DA:59,0
DA:60,0
DA:61,0
DA:65,0
DA:68,0
DA:75,0
DA:77,0
DA:90,0
DA:109,0
DA:123,0
DA:130,0
DA:131,0
DA:132,0
DA:135,0
DA:136,0
DA:139,0
DA:146,0
DA:147,0
DA:151,0
DA:157,0
DA:158,0
DA:159,0
DA:168,0
DA:170,0
DA:174,0
DA:176,0
DA:187,0
DA:188,0
DA:189,0
DA:191,0
DA:192,0
DA:194,0
DA:199,0
DA:201,0
DA:203,0
DA:211,0
DA:212,0
DA:213,0
DA:215,0
DA:219,0
LF:62
LH:0
BRDA:34,0,0,0
BRDA:34,0,1,0
BRDA:40,1,0,0
BRDA:40,1,1,0
BRDA:46,2,0,0
BRDA:46,2,1,0
BRDA:52,3,0,0
BRDA:52,3,1,0
BRDA:80,4,0,0
BRDA:80,4,1,0
BRDA:83,5,0,0
BRDA:83,5,1,0
BRDA:87,6,0,0
BRDA:87,6,1,0
BRDA:90,7,0,0
BRDA:90,7,1,0
BRDA:123,8,0,0
BRDA:123,8,1,0
BRDA:129,9,0,0
BRDA:131,10,0,0
BRDA:131,10,1,0
BRDA:132,11,0,0
BRDA:132,11,1,0
BRDA:146,12,0,0
BRDA:146,12,1,0
BRDA:148,13,0,0
BRDA:148,13,1,0
BRDA:158,14,0,0
BRDA:158,14,1,0
BRF:29
BRH:0
end_of_record
TN:
SF:api\telegram.js
FN:31,callTelegramAPI
FN:56,authenticateWorkspace
FN:98,(anonymous_2)
FN:217,(anonymous_3)
FN:257,(anonymous_4)
FN:293,(anonymous_5)
FN:301,(anonymous_6)
FN:309,processUpdate
FN:371,(anonymous_8)
FNF:9
FNH:0
FNDA:0,callTelegramAPI
FNDA:0,authenticateWorkspace
FNDA:0,(anonymous_2)
FNDA:0,(anonymous_3)
FNDA:0,(anonymous_4)
FNDA:0,(anonymous_5)
FNDA:0,(anonymous_6)
FNDA:0,processUpdate
FNDA:0,(anonymous_8)
DA:6,0
DA:7,0
DA:8,0
DA:9,0
DA:10,0
DA:13,0
DA:21,0
DA:24,0
DA:32,0
DA:34,0
DA:39,0
DA:40,0
DA:43,0
DA:44,0
DA:46,0
DA:47,0
DA:50,0
DA:57,0
DA:58,0
DA:60,0
DA:61,0
DA:64,0
DA:65,0
DA:68,0
DA:70,0
DA:71,0
DA:76,0
DA:77,0
DA:78,0
DA:81,0
DA:82,0
DA:85,0
DA:86,0
DA:87,0
DA:89,0
DA:90,0
DA:98,0
DA:99,0
DA:100,0
DA:102,0
DA:103,0
DA:107,0
DA:108,0
DA:111,0
DA:113,0
DA:116,0
DA:117,0
DA:119,0
DA:120,0
DA:126,0
DA:129,0
DA:131,0
DA:143,0
DA:146,0
DA:148,0
DA:150,0
DA:151,0
DA:158,0
DA:160,0
DA:161,0
DA:164,0
DA:167,0
DA:173,0
DA:175,0
DA:189,0
DA:195,0
DA:208,0
DA:209,0
DA:217,0
DA:218,0
DA:220,0
DA:221,0
DA:226,0
DA:227,0
DA:233,0
DA:235,0
DA:248,0
DA:249,0
DA:257,0
DA:258,0
DA:260,0
DA:262,0
DA:267,0
DA:268,0
DA:269,0
DA:270,0
DA:271,0
DA:273,0
DA:278,0
DA:280,0
DA:282,0
DA:284,0
DA:285,0
DA:293,0
DA:294,0
DA:295,0
DA:298,0
DA:301,0
DA:302,0
DA:311,0
DA:313,0
DA:314,0
DA:315,0
DA:318,0
DA:319,0
DA:320,0
DA:321,0
DA:323,0
DA:325,0
DA:327,0
DA:332,0
DA:333,0
DA:334,0
DA:337,0
DA:340,0
DA:345,0
DA:348,0
DA:354,0
DA:359,0
DA:360,0
DA:361,0
DA:364,0
DA:371,0
DA:376,0
DA:383,0
DA:386,0
DA:390,0
DA:396,0
DA:397,0
DA:408,0
DA:414,0
DA:417,0
DA:420,0
DA:421,0
DA:426,0
DA:427,0
DA:428,0
DA:434,0
DA:439,0
LF:139
LH:0
BRDA:15,0,0,0
BRDA:15,0,1,0
BRDA:24,1,0,0
BRDA:24,1,1,0
BRDA:24,2,0,0
BRDA:24,2,1,0
BRDA:31,3,0,0
BRDA:35,4,0,0
BRDA:35,4,1,0
BRDA:36,5,0,0
BRDA:36,5,1,0
BRDA:39,6,0,0
BRDA:39,6,1,0
BRDA:46,7,0,0
BRDA:46,7,1,0
BRDA:47,8,0,0
BRDA:47,8,1,0
BRDA:60,9,0,0
BRDA:60,9,1,0
BRDA:64,10,0,0
BRDA:64,10,1,0
BRDA:64,11,0,0
BRDA:64,11,1,0
BRDA:76,12,0,0
BRDA:76,12,1,0
BRDA:81,13,0,0
BRDA:81,13,1,0
BRDA:102,14,0,0
BRDA:102,14,1,0
BRDA:102,15,0,0
BRDA:102,15,1,0
BRDA:107,16,0,0
BRDA:107,16,1,0
BRDA:160,17,0,0
BRDA:160,17,1,0
BRDA:226,18,0,0
BRDA:226,18,1,0
BRDA:267,19,0,0
BRDA:267,19,1,0
BRDA:267,20,0,0
BRDA:267,20,1,0
BRDA:311,21,0,0
BRDA:311,21,1,0
BRDA:313,22,0,0
BRDA:313,22,1,0
BRDA:313,23,0,0
BRDA:313,23,1,0
BRDA:320,24,0,0
BRDA:320,24,1,0
BRDA:332,25,0,0
BRDA:332,25,1,0
BRDA:345,26,0,0
BRDA:345,26,1,0
BRDA:359,27,0,0
BRDA:359,27,1,0
BRDA:426,28,0,0
BRDA:426,28,1,0
BRF:57
BRH:0
end_of_record
TN:
SF:api\workspace.js
FN:25,authenticateWorkspace
FN:86,(anonymous_1)
FN:117,(anonymous_2)
FN:162,(anonymous_3)
FN:244,(anonymous_4)
FN:274,(anonymous_5)
FN:303,(anonymous_6)
FNF:7
FNH:7
FNDA:22,authenticateWorkspace
FNDA:3,(anonymous_1)
FNDA:1,(anonymous_2)
FNDA:5,(anonymous_3)
FNDA:3,(anonymous_4)
FNDA:3,(anonymous_5)
FNDA:4,(anonymous_6)
DA:8,25
DA:9,25
DA:10,25
DA:11,25
DA:15,25
DA:26,22
DA:27,22
DA:29,22
DA:30,0
DA:34,22
DA:35,0
DA:36,0
DA:40,22
DA:41,3
DA:44,19
DA:46,19
DA:48,19
DA:53,19
DA:55,2
DA:60,2
DA:63,17
DA:66,17
DA:67,1
DA:73,16
DA:74,16
DA:75,16
DA:77,0
DA:78,0
DA:86,25
DA:87,3
DA:89,3
DA:90,3
DA:95,2
DA:96,1
DA:99,1
DA:101,1
DA:108,1
DA:109,1
DA:117,25
DA:118,1
DA:120,1
DA:129,1
DA:132,1
DA:138,1
DA:140,1
DA:153,0
DA:154,0
DA:162,25
DA:163,5
DA:165,5
DA:166,2
DA:169,3
DA:170,1
DA:173,2
DA:175,2
DA:182,2
DA:188,2
DA:189,2
DA:191,2
DA:192,1
DA:200,1
DA:207,1
DA:210,1
DA:216,1
DA:217,1
DA:227,1
DA:235,0
DA:236,0
DA:244,25
DA:245,3
DA:247,3
DA:248,3
DA:256,3
DA:265,0
DA:266,0
DA:274,25
DA:275,3
DA:277,3
DA:278,1
DA:281,2
DA:282,2
DA:288,2
DA:293,0
DA:294,0
DA:303,25
DA:304,4
DA:306,4
DA:307,1
DA:311,3
DA:312,1
DA:315,2
DA:317,2
DA:319,2
DA:328,2
DA:333,0
DA:334,0
DA:338,25
LF:97
LH:82
BRDA:17,0,0,0
BRDA:17,0,1,25
BRDA:26,1,0,22
BRDA:26,1,1,22
BRDA:29,2,0,0
BRDA:29,2,1,22
BRDA:34,3,0,0
BRDA:34,3,1,22
BRDA:40,4,0,3
BRDA:40,4,1,19
BRDA:40,5,0,22
BRDA:40,5,1,21
BRDA:53,6,0,2
BRDA:53,6,1,17
BRDA:58,7,0,2
BRDA:58,7,1,0
BRDA:58,7,2,0
BRDA:66,8,0,1
BRDA:66,8,1,16
BRDA:95,9,0,1
BRDA:95,9,1,1
BRDA:138,10,0,1
BRDA:138,10,1,0
BRDA:163,11,0,5
BRDA:163,12,0,5
BRDA:165,13,0,2
BRDA:165,13,1,3
BRDA:165,14,0,5
BRDA:165,14,1,3
BRDA:169,15,0,1
BRDA:169,15,1,2
BRDA:188,16,0,2
BRDA:188,16,1,0
BRDA:191,17,0,1
BRDA:191,17,1,1
BRDA:245,18,0,1
BRDA:245,19,0,3
BRDA:245,20,0,3
BRDA:275,21,0,2
BRDA:277,22,0,1
BRDA:277,22,1,2
BRDA:277,23,0,3
BRDA:277,23,1,2
BRDA:304,24,0,4
BRDA:306,25,0,1
BRDA:306,25,1,3
BRDA:311,26,0,1
BRDA:311,26,1,2
BRF:48
BRH:41
end_of_record
TN:
SF:lib\encryption.js
FN:21,encrypt
FN:47,decrypt
FNF:2
FNH:0
FNDA:0,encrypt
FNDA:0,decrypt
DA:6,0
DA:9,0
DA:11,0
DA:12,0
DA:22,0
DA:24,0
DA:27,0
DA:28,0
DA:30,0
DA:32,0
DA:33,0
DA:35,0
DA:38,0
DA:48,0
DA:49,0
DA:53,0
DA:54,0
DA:57,0
DA:58,0
DA:61,0
DA:62,0
DA:65,0
DA:66,0
DA:67,0
DA:70,0
DA:71,0
DA:72,0
DA:73,0
DA:75,0
DA:76,0
DA:78,0
DA:79,0
DA:81,0
DA:84,0
LF:34
LH:0
BRDA:11,0,0,0
BRDA:11,0,1,0
BRDA:11,1,0,0
BRDA:11,1,1,0
BRDA:22,2,0,0
BRDA:22,2,1,0
BRDA:48,3,0,0
BRDA:48,3,1,0
BRDA:53,4,0,0
BRDA:53,4,1,0
BRDA:57,5,0,0
BRDA:57,5,1,0
BRDA:61,6,0,0
BRDA:61,6,1,0
BRDA:66,7,0,0
BRDA:66,7,1,0
BRF:16
BRH:0
end_of_record
TN:
SF:lib\security.js
FN:16,generateApiKey
FN:33,hashApiKey
FN:48,timingSafeEqual
FN:77,escapeLikePattern
FN:95,sanitizeForLogging
FN:109,(anonymous_5)
FN:126,createRateLimiter
FN:130,(anonymous_7)
FN:143,(anonymous_8)
FN:193,(anonymous_9)
FN:194,(anonymous_10)
FN:225,validateEmail
FN:265,validateWorkspaceId
FN:286,validatePriceId
FN:314,logSecurityEvent
FNF:15
FNH:12
FNDA:102,generateApiKey
FNDA:5,hashApiKey
FNDA:8,timingSafeEqual
FNDA:9,escapeLikePattern
FNDA:7,sanitizeForLogging
FNDA:1,(anonymous_5)
FNDA:4,createRateLimiter
FNDA:17,(anonymous_7)
FNDA:17,(anonymous_8)
FNDA:0,(anonymous_9)
FNDA:0,(anonymous_10)
FNDA:18,validateEmail
FNDA:14,validateWorkspaceId
FNDA:6,validatePriceId
FNDA:0,logSecurityEvent
DA:6,1
DA:17,102
DA:18,102
DA:34,5
DA:49,8
DA:50,3
DA:54,5
DA:55,5
DA:57,5
DA:59,2
DA:60,2
DA:63,3
DA:78,9
DA:79,3
DA:83,6
DA:96,7
DA:97,2
DA:101,5
DA:110,1
DA:111,1
DA:130,17
DA:132,4
DA:135,4
DA:137,4
DA:144,17
DA:145,17
DA:147,17
DA:149,0
DA:150,0
DA:152,0
DA:153,0
DA:155,0
DA:156,0
DA:157,0
DA:159,0
DA:160,0
DA:163,0
DA:170,17
DA:172,17
DA:173,6
DA:174,6
DA:177,11
DA:178,4
DA:181,7
DA:182,7
DA:194,0
DA:195,0
DA:197,0
DA:198,0
DA:199,0
DA:201,0
DA:202,0
DA:209,0
DA:226,18
DA:227,3
DA:230,15
DA:233,15
DA:234,1
DA:238,14
DA:239,14
DA:240,4
DA:244,10
DA:251,10
DA:252,10
DA:253,5
DA:256,5
DA:266,14
DA:267,3
DA:271,11
DA:272,11
DA:273,8
DA:276,3
DA:287,6
DA:288,2
DA:292,4
DA:293,2
DA:297,2
DA:298,1
DA:301,1
DA:315,0
DA:317,0
DA:318,0
DA:323,0
DA:330,0
DA:337,1
LF:85
LH:62
BRDA:49,0,0,3
BRDA:49,0,1,5
BRDA:49,1,0,8
BRDA:49,1,1,5
BRDA:57,2,0,2
BRDA:57,2,1,3
BRDA:78,3,0,3
BRDA:78,3,1,6
BRDA:96,4,0,2
BRDA:96,4,1,5
BRDA:126,5,0,0
BRDA:128,6,0,0
BRDA:129,7,0,0
BRDA:130,8,0,4
BRDA:130,9,0,17
BRDA:130,9,1,0
BRDA:131,10,0,4
BRDA:147,11,0,0
BRDA:147,11,1,17
BRDA:159,12,0,0
BRDA:159,12,1,0
BRDA:166,13,0,0
BRDA:166,13,1,0
BRDA:172,14,0,6
BRDA:172,14,1,11
BRDA:172,15,0,17
BRDA:172,15,1,12
BRDA:177,16,0,4
BRDA:177,16,1,7
BRDA:201,17,0,0
BRDA:201,17,1,0
BRDA:226,18,0,3
BRDA:226,18,1,15
BRDA:226,19,0,18
BRDA:226,19,1,15
BRDA:233,20,0,1
BRDA:233,20,1,14
BRDA:239,21,0,4
BRDA:239,21,1,10
BRDA:252,22,0,5
BRDA:252,22,1,5
BRDA:266,23,0,3
BRDA:266,23,1,11
BRDA:266,24,0,14
BRDA:266,24,1,11
BRDA:272,25,0,8
BRDA:272,25,1,3
BRDA:287,26,0,2
BRDA:287,26,1,4
BRDA:287,27,0,6
BRDA:287,27,1,4
BRDA:292,28,0,2
BRDA:292,28,1,2
BRDA:292,29,0,4
BRDA:292,29,1,3
BRDA:297,30,0,1
BRDA:297,30,1,1
BRDA:314,31,0,0
BRDA:318,32,0,0
BRDA:318,32,1,0
BRF:60
BRH:46
end_of_record
